02:12:23 INFO  : Registering command handlers for SDK TCF services
02:12:24 INFO  : Launching XSCT server: xsct.bat -interactive C:\Users\ryanh\Lab2_demo\Lab2_demo.sdk\temp_xsdb_launch_script.tcl
02:12:26 INFO  : XSCT server has started successfully.
02:12:30 INFO  : Successfully done setting XSCT server connection channel  
02:12:30 INFO  : Successfully done setting SDK workspace  
02:12:30 INFO  : Processing command line option -hwspec C:/Users/ryanh/Lab2_demo/Lab2_demo.sdk/Lab2_system_wrapper.hdf.
10:35:48 INFO  : Connected to target on host '127.0.0.1' and port '3121'.
10:35:48 INFO  : 'targets -set -filter {jtag_cable_name =~ "Digilent Zed 210248BE0D1E" && level==0} -index 1' command is executed.
10:35:50 INFO  : FPGA configured successfully with bitstream "C:/Users/ryanh/Lab2_demo/Lab2_demo.sdk/Lab2_system_wrapper_hw_platform_0/Lab2_system_wrapper.bit"
10:36:10 INFO  : 'targets -set -filter {jtag_cable_name =~ "Digilent Zed 210248BE0D1E" && level==0} -index 1' command is executed.
10:36:10 INFO  : 'fpga -state' command is executed.
10:36:10 INFO  : Connected to target on host '127.0.0.1' and port '3121'.
10:36:10 INFO  : Jtag cable 'Digilent Zed 210248BE0D1E' is selected.
10:36:10 INFO  : 'jtag frequency' command is executed.
10:36:10 INFO  : Sourcing of 'C:/Users/ryanh/Lab2_demo/Lab2_demo.sdk/Lab2_system_wrapper_hw_platform_0/ps7_init.tcl' is done.
10:36:10 INFO  : Context for 'APU' is selected.
10:36:10 INFO  : Hardware design information is loaded from 'C:/Users/ryanh/Lab2_demo/Lab2_demo.sdk/Lab2_system_wrapper_hw_platform_0/system.hdf'.
10:36:10 INFO  : 'configparams force-mem-access 1' command is executed.
10:36:10 INFO  : Context for 'APU' is selected.
10:36:10 INFO  : 'stop' command is executed.
10:36:11 INFO  : 'ps7_init' command is executed.
10:36:11 INFO  : 'ps7_post_config' command is executed.
10:36:11 INFO  : Context for processor 'ps7_cortexa9_0' is selected.
10:36:11 INFO  : Processor reset is completed for 'ps7_cortexa9_0'.
10:36:11 INFO  : Context for processor 'ps7_cortexa9_0' is selected.
10:36:11 INFO  : The application 'C:/Users/ryanh/Lab2_demo/Lab2_demo.sdk/Lab2_IP_SDK/Debug/Lab2_IP_SDK.elf' is downloaded to processor 'ps7_cortexa9_0'.
10:36:11 INFO  : 'configparams force-mem-access 0' command is executed.
10:36:11 INFO  : ----------------XSDB Script----------------
connect -url tcp:127.0.0.1:3121
source C:/Users/ryanh/Lab2_demo/Lab2_demo.sdk/Lab2_system_wrapper_hw_platform_0/ps7_init.tcl
targets -set -nocase -filter {name =~"APU*" && jtag_cable_name =~ "Digilent Zed 210248BE0D1E"} -index 0
loadhw -hw C:/Users/ryanh/Lab2_demo/Lab2_demo.sdk/Lab2_system_wrapper_hw_platform_0/system.hdf -mem-ranges [list {0x40000000 0xbfffffff}]
configparams force-mem-access 1
targets -set -nocase -filter {name =~"APU*" && jtag_cable_name =~ "Digilent Zed 210248BE0D1E"} -index 0
stop
ps7_init
ps7_post_config
targets -set -nocase -filter {name =~ "ARM*#0" && jtag_cable_name =~ "Digilent Zed 210248BE0D1E"} -index 0
rst -processor
targets -set -nocase -filter {name =~ "ARM*#0" && jtag_cable_name =~ "Digilent Zed 210248BE0D1E"} -index 0
dow C:/Users/ryanh/Lab2_demo/Lab2_demo.sdk/Lab2_IP_SDK/Debug/Lab2_IP_SDK.elf
configparams force-mem-access 0
----------------End of Script----------------

10:36:11 INFO  : Memory regions updated for context APU
10:36:11 INFO  : Context for processor 'ps7_cortexa9_0' is selected.
10:36:11 INFO  : 'con' command is executed.
10:36:11 INFO  : ----------------XSDB Script (After Launch)----------------
targets -set -nocase -filter {name =~ "ARM*#0" && jtag_cable_name =~ "Digilent Zed 210248BE0D1E"} -index 0
con
----------------End of Script----------------

10:36:11 INFO  : Launch script is exported to file 'C:\Users\ryanh\Lab2_demo\Lab2_demo.sdk\.sdk\launch_scripts\xilinx_c-c++_application_(system_debugger)\system_debugger_using_debug_lab2_ip_sdk.elf_on_local.tcl'
10:38:20 INFO  : Disconnected from the channel tcfchan#1.
20:05:18 INFO  : Registering command handlers for SDK TCF services
20:05:18 INFO  : Launching XSCT server: xsct.bat -interactive C:\Users\ryanh\Lab2_demo\Lab2_demo.sdk\temp_xsdb_launch_script.tcl
20:05:21 INFO  : XSCT server has started successfully.
20:05:21 INFO  : Successfully done setting XSCT server connection channel  
20:05:25 INFO  : Successfully done setting SDK workspace  
20:05:25 INFO  : Processing command line option -hwspec C:/Users/ryanh/Lab2_demo/Lab2_demo.sdk/Lab2_system_wrapper.hdf.
20:05:25 INFO  : Checking for hwspec changes in the project Lab2_system_wrapper_hw_platform_0.
20:06:49 INFO  : 'targets -set -filter {jtag_cable_name =~ "Digilent Zed 210248BE0D1E" && level==0} -index 1' command is executed.
20:06:49 INFO  : 'fpga -state' command is executed.
20:06:53 INFO  : Connected to target on host '127.0.0.1' and port '3121'.
20:06:54 INFO  : Jtag cable 'Digilent Zed 210248BE0D1E' is selected.
20:06:54 INFO  : 'jtag frequency' command is executed.
20:06:54 INFO  : Sourcing of 'C:/Users/ryanh/Lab2_demo/Lab2_demo.sdk/Lab2_system_wrapper_hw_platform_0/ps7_init.tcl' is done.
20:06:54 INFO  : Context for 'APU' is selected.
20:06:54 INFO  : Hardware design information is loaded from 'C:/Users/ryanh/Lab2_demo/Lab2_demo.sdk/Lab2_system_wrapper_hw_platform_0/system.hdf'.
20:06:54 INFO  : 'configparams force-mem-access 1' command is executed.
20:06:54 INFO  : Context for 'APU' is selected.
20:06:54 INFO  : 'stop' command is executed.
20:06:54 INFO  : 'ps7_init' command is executed.
20:06:54 INFO  : 'ps7_post_config' command is executed.
20:06:54 INFO  : Context for processor 'ps7_cortexa9_0' is selected.
20:06:54 INFO  : Processor reset is completed for 'ps7_cortexa9_0'.
20:06:54 INFO  : Context for processor 'ps7_cortexa9_0' is selected.
20:06:54 INFO  : The application 'C:/Users/ryanh/Lab2_demo/Lab2_demo.sdk/Lab2_IP_SDK/Debug/Lab2_IP_SDK.elf' is downloaded to processor 'ps7_cortexa9_0'.
20:06:54 INFO  : 'configparams force-mem-access 0' command is executed.
20:06:54 INFO  : ----------------XSDB Script----------------
connect -url tcp:127.0.0.1:3121
source C:/Users/ryanh/Lab2_demo/Lab2_demo.sdk/Lab2_system_wrapper_hw_platform_0/ps7_init.tcl
targets -set -nocase -filter {name =~"APU*" && jtag_cable_name =~ "Digilent Zed 210248BE0D1E"} -index 0
loadhw -hw C:/Users/ryanh/Lab2_demo/Lab2_demo.sdk/Lab2_system_wrapper_hw_platform_0/system.hdf -mem-ranges [list {0x40000000 0xbfffffff}]
configparams force-mem-access 1
targets -set -nocase -filter {name =~"APU*" && jtag_cable_name =~ "Digilent Zed 210248BE0D1E"} -index 0
stop
ps7_init
ps7_post_config
targets -set -nocase -filter {name =~ "ARM*#0" && jtag_cable_name =~ "Digilent Zed 210248BE0D1E"} -index 0
rst -processor
targets -set -nocase -filter {name =~ "ARM*#0" && jtag_cable_name =~ "Digilent Zed 210248BE0D1E"} -index 0
dow C:/Users/ryanh/Lab2_demo/Lab2_demo.sdk/Lab2_IP_SDK/Debug/Lab2_IP_SDK.elf
configparams force-mem-access 0
----------------End of Script----------------

20:06:54 INFO  : Memory regions updated for context APU
20:06:54 INFO  : Context for processor 'ps7_cortexa9_0' is selected.
20:06:54 INFO  : 'con' command is executed.
20:06:54 INFO  : ----------------XSDB Script (After Launch)----------------
targets -set -nocase -filter {name =~ "ARM*#0" && jtag_cable_name =~ "Digilent Zed 210248BE0D1E"} -index 0
con
----------------End of Script----------------

20:06:54 INFO  : Launch script is exported to file 'C:\Users\ryanh\Lab2_demo\Lab2_demo.sdk\.sdk\launch_scripts\xilinx_c-c++_application_(system_debugger)\system_debugger_using_debug_lab2_ip_sdk.elf_on_local.tcl'
20:07:36 INFO  : Disconnected from the channel tcfchan#1.
20:07:37 INFO  : 'targets -set -filter {jtag_cable_name =~ "Digilent Zed 210248BE0D1E" && level==0} -index 1' command is executed.
20:07:37 INFO  : 'fpga -state' command is executed.
20:07:40 INFO  : Connected to target on host '127.0.0.1' and port '3121'.
20:07:40 INFO  : Jtag cable 'Digilent Zed 210248BE0D1E' is selected.
20:07:40 INFO  : 'jtag frequency' command is executed.
20:07:40 INFO  : Sourcing of 'C:/Users/ryanh/Lab2_demo/Lab2_demo.sdk/Lab2_system_wrapper_hw_platform_0/ps7_init.tcl' is done.
20:07:40 INFO  : Context for 'APU' is selected.
20:07:41 INFO  : Hardware design information is loaded from 'C:/Users/ryanh/Lab2_demo/Lab2_demo.sdk/Lab2_system_wrapper_hw_platform_0/system.hdf'.
20:07:41 INFO  : 'configparams force-mem-access 1' command is executed.
20:07:42 INFO  : Context for 'APU' is selected.
20:07:42 INFO  : 'stop' command is executed.
20:07:43 INFO  : 'ps7_init' command is executed.
20:07:43 INFO  : 'ps7_post_config' command is executed.
20:07:43 INFO  : Context for processor 'ps7_cortexa9_0' is selected.
20:07:43 INFO  : Processor reset is completed for 'ps7_cortexa9_0'.
20:07:43 INFO  : Context for processor 'ps7_cortexa9_0' is selected.
20:07:45 ERROR : Memory write error at 0x100000. APB AP transaction error, DAP status f0000021
20:07:45 INFO  : ----------------XSDB Script----------------
connect -url tcp:127.0.0.1:3121
source C:/Users/ryanh/Lab2_demo/Lab2_demo.sdk/Lab2_system_wrapper_hw_platform_0/ps7_init.tcl
targets -set -nocase -filter {name =~"APU*" && jtag_cable_name =~ "Digilent Zed 210248BE0D1E"} -index 0
loadhw -hw C:/Users/ryanh/Lab2_demo/Lab2_demo.sdk/Lab2_system_wrapper_hw_platform_0/system.hdf -mem-ranges [list {0x40000000 0xbfffffff}]
configparams force-mem-access 1
targets -set -nocase -filter {name =~"APU*" && jtag_cable_name =~ "Digilent Zed 210248BE0D1E"} -index 0
stop
ps7_init
ps7_post_config
targets -set -nocase -filter {name =~ "ARM*#0" && jtag_cable_name =~ "Digilent Zed 210248BE0D1E"} -index 0
rst -processor
targets -set -nocase -filter {name =~ "ARM*#0" && jtag_cable_name =~ "Digilent Zed 210248BE0D1E"} -index 0
dow C:/Users/ryanh/Lab2_demo/Lab2_demo.sdk/Lab2_IP_SDK/Debug/Lab2_IP_SDK.elf
----------------End of Script----------------

20:08:07 INFO  : 'targets -set -filter {jtag_cable_name =~ "Digilent Zed 210248BE0D1E" && level==0} -index 1' command is executed.
20:08:07 INFO  : 'fpga -state' command is executed.
20:08:09 INFO  : Connected to target on host '127.0.0.1' and port '3121'.
20:08:09 INFO  : Jtag cable 'Digilent Zed 210248BE0D1E' is selected.
20:08:09 INFO  : 'jtag frequency' command is executed.
20:08:09 INFO  : Sourcing of 'C:/Users/ryanh/Lab2_demo/Lab2_demo.sdk/Lab2_system_wrapper_hw_platform_0/ps7_init.tcl' is done.
20:08:09 INFO  : Context for 'APU' is selected.
20:08:09 INFO  : Hardware design information is loaded from 'C:/Users/ryanh/Lab2_demo/Lab2_demo.sdk/Lab2_system_wrapper_hw_platform_0/system.hdf'.
20:08:09 INFO  : 'configparams force-mem-access 1' command is executed.
20:08:09 INFO  : Context for 'APU' is selected.
20:08:09 INFO  : 'stop' command is executed.
20:08:09 ERROR : AP transaction error, DAP status f0000021
20:08:09 INFO  : ----------------XSDB Script----------------
connect -url tcp:127.0.0.1:3121
source C:/Users/ryanh/Lab2_demo/Lab2_demo.sdk/Lab2_system_wrapper_hw_platform_0/ps7_init.tcl
targets -set -nocase -filter {name =~"APU*" && jtag_cable_name =~ "Digilent Zed 210248BE0D1E"} -index 0
loadhw -hw C:/Users/ryanh/Lab2_demo/Lab2_demo.sdk/Lab2_system_wrapper_hw_platform_0/system.hdf -mem-ranges [list {0x40000000 0xbfffffff}]
configparams force-mem-access 1
targets -set -nocase -filter {name =~"APU*" && jtag_cable_name =~ "Digilent Zed 210248BE0D1E"} -index 0
stop
ps7_init
----------------End of Script----------------

20:09:48 INFO  : 'targets -set -filter {jtag_cable_name =~ "Digilent Zed 210248BE0D1E" && level==0} -index 1' command is executed.
20:09:48 INFO  : 'fpga -state' command is executed.
20:09:50 INFO  : Connected to target on host '127.0.0.1' and port '3121'.
20:09:50 INFO  : Jtag cable 'Digilent Zed 210248BE0D1E' is selected.
20:09:50 INFO  : 'jtag frequency' command is executed.
20:09:50 INFO  : Sourcing of 'C:/Users/ryanh/Lab2_demo/Lab2_demo.sdk/Lab2_system_wrapper_hw_platform_0/ps7_init.tcl' is done.
20:09:50 INFO  : Context for 'APU' is selected.
20:09:50 INFO  : Hardware design information is loaded from 'C:/Users/ryanh/Lab2_demo/Lab2_demo.sdk/Lab2_system_wrapper_hw_platform_0/system.hdf'.
20:09:50 INFO  : 'configparams force-mem-access 1' command is executed.
20:09:50 INFO  : Context for 'APU' is selected.
20:09:50 INFO  : 'stop' command is executed.
20:09:50 INFO  : 'ps7_init' command is executed.
20:09:50 INFO  : 'ps7_post_config' command is executed.
20:09:50 INFO  : Context for processor 'ps7_cortexa9_0' is selected.
20:09:50 INFO  : Processor reset is completed for 'ps7_cortexa9_0'.
20:09:50 INFO  : Context for processor 'ps7_cortexa9_0' is selected.
20:09:51 INFO  : The application 'C:/Users/ryanh/Lab2_demo/Lab2_demo.sdk/Lab2_IP_SDK/Debug/Lab2_IP_SDK.elf' is downloaded to processor 'ps7_cortexa9_0'.
20:09:51 INFO  : 'configparams force-mem-access 0' command is executed.
20:09:51 INFO  : ----------------XSDB Script----------------
connect -url tcp:127.0.0.1:3121
source C:/Users/ryanh/Lab2_demo/Lab2_demo.sdk/Lab2_system_wrapper_hw_platform_0/ps7_init.tcl
targets -set -nocase -filter {name =~"APU*" && jtag_cable_name =~ "Digilent Zed 210248BE0D1E"} -index 0
loadhw -hw C:/Users/ryanh/Lab2_demo/Lab2_demo.sdk/Lab2_system_wrapper_hw_platform_0/system.hdf -mem-ranges [list {0x40000000 0xbfffffff}]
configparams force-mem-access 1
targets -set -nocase -filter {name =~"APU*" && jtag_cable_name =~ "Digilent Zed 210248BE0D1E"} -index 0
stop
ps7_init
ps7_post_config
targets -set -nocase -filter {name =~ "ARM*#0" && jtag_cable_name =~ "Digilent Zed 210248BE0D1E"} -index 0
rst -processor
targets -set -nocase -filter {name =~ "ARM*#0" && jtag_cable_name =~ "Digilent Zed 210248BE0D1E"} -index 0
dow C:/Users/ryanh/Lab2_demo/Lab2_demo.sdk/Lab2_IP_SDK/Debug/Lab2_IP_SDK.elf
configparams force-mem-access 0
----------------End of Script----------------

20:09:51 INFO  : Memory regions updated for context APU
20:09:51 INFO  : Context for processor 'ps7_cortexa9_0' is selected.
20:09:51 INFO  : 'con' command is executed.
20:09:51 INFO  : ----------------XSDB Script (After Launch)----------------
targets -set -nocase -filter {name =~ "ARM*#0" && jtag_cable_name =~ "Digilent Zed 210248BE0D1E"} -index 0
con
----------------End of Script----------------

20:09:51 INFO  : Launch script is exported to file 'C:\Users\ryanh\Lab2_demo\Lab2_demo.sdk\.sdk\launch_scripts\xilinx_c-c++_application_(system_debugger)\system_debugger_using_debug_lab2_ip_sdk.elf_on_local.tcl'
20:10:18 INFO  : Disconnected from the channel tcfchan#2.
20:10:36 INFO  : Registering command handlers for SDK TCF services
20:10:36 INFO  : Launching XSCT server: xsct.bat -interactive C:\Users\ryanh\Lab2_demo\Lab2_demo.sdk\temp_xsdb_launch_script.tcl
20:10:37 INFO  : XSCT server has started successfully.
20:10:38 INFO  : Successfully done setting XSCT server connection channel  
20:10:38 INFO  : Successfully done setting SDK workspace  
20:10:38 INFO  : Processing command line option -hwspec C:/Users/ryanh/Lab2_demo/Lab2_demo.sdk/Lab2_system_wrapper.hdf.
20:10:38 INFO  : Checking for hwspec changes in the project Lab2_system_wrapper_hw_platform_0.
20:10:54 INFO  : 'targets -set -filter {jtag_cable_name =~ "Digilent Zed 210248BE0D1E" && level==0} -index 1' command is executed.
20:10:54 INFO  : 'fpga -state' command is executed.
20:10:56 INFO  : Connected to target on host '127.0.0.1' and port '3121'.
20:10:56 INFO  : Jtag cable 'Digilent Zed 210248BE0D1E' is selected.
20:10:56 INFO  : 'jtag frequency' command is executed.
20:10:56 INFO  : Sourcing of 'C:/Users/ryanh/Lab2_demo/Lab2_demo.sdk/Lab2_system_wrapper_hw_platform_0/ps7_init.tcl' is done.
20:10:56 INFO  : Context for 'APU' is selected.
20:10:56 INFO  : Hardware design information is loaded from 'C:/Users/ryanh/Lab2_demo/Lab2_demo.sdk/Lab2_system_wrapper_hw_platform_0/system.hdf'.
20:10:56 INFO  : 'configparams force-mem-access 1' command is executed.
20:10:56 INFO  : Context for 'APU' is selected.
20:10:56 INFO  : 'stop' command is executed.
20:10:56 INFO  : 'ps7_init' command is executed.
20:10:56 INFO  : 'ps7_post_config' command is executed.
20:10:56 INFO  : Context for processor 'ps7_cortexa9_0' is selected.
20:10:56 INFO  : Processor reset is completed for 'ps7_cortexa9_0'.
20:10:56 INFO  : Context for processor 'ps7_cortexa9_0' is selected.
20:10:57 INFO  : The application 'C:/Users/ryanh/Lab2_demo/Lab2_demo.sdk/Lab2_IP_SDK/Debug/Lab2_IP_SDK.elf' is downloaded to processor 'ps7_cortexa9_0'.
20:10:57 INFO  : 'configparams force-mem-access 0' command is executed.
20:10:57 INFO  : ----------------XSDB Script----------------
connect -url tcp:127.0.0.1:3121
source C:/Users/ryanh/Lab2_demo/Lab2_demo.sdk/Lab2_system_wrapper_hw_platform_0/ps7_init.tcl
targets -set -nocase -filter {name =~"APU*" && jtag_cable_name =~ "Digilent Zed 210248BE0D1E"} -index 0
loadhw -hw C:/Users/ryanh/Lab2_demo/Lab2_demo.sdk/Lab2_system_wrapper_hw_platform_0/system.hdf -mem-ranges [list {0x40000000 0xbfffffff}]
configparams force-mem-access 1
targets -set -nocase -filter {name =~"APU*" && jtag_cable_name =~ "Digilent Zed 210248BE0D1E"} -index 0
stop
ps7_init
ps7_post_config
targets -set -nocase -filter {name =~ "ARM*#0" && jtag_cable_name =~ "Digilent Zed 210248BE0D1E"} -index 0
rst -processor
targets -set -nocase -filter {name =~ "ARM*#0" && jtag_cable_name =~ "Digilent Zed 210248BE0D1E"} -index 0
dow C:/Users/ryanh/Lab2_demo/Lab2_demo.sdk/Lab2_IP_SDK/Debug/Lab2_IP_SDK.elf
configparams force-mem-access 0
----------------End of Script----------------

20:10:57 INFO  : Memory regions updated for context APU
20:10:57 INFO  : Context for processor 'ps7_cortexa9_0' is selected.
20:10:57 INFO  : 'con' command is executed.
20:10:57 INFO  : ----------------XSDB Script (After Launch)----------------
targets -set -nocase -filter {name =~ "ARM*#0" && jtag_cable_name =~ "Digilent Zed 210248BE0D1E"} -index 0
con
----------------End of Script----------------

20:10:57 INFO  : Launch script is exported to file 'C:\Users\ryanh\Lab2_demo\Lab2_demo.sdk\.sdk\launch_scripts\xilinx_c-c++_application_(system_debugger)\system_debugger_using_debug_lab2_ip_sdk.elf_on_local.tcl'
20:11:40 INFO  : Connected to target on host '127.0.0.1' and port '3121'.
20:11:40 INFO  : 'targets -set -filter {jtag_cable_name =~ "Digilent Zed 210248BE0D1E" && level==0} -index 1' command is executed.
20:11:42 INFO  : FPGA configured successfully with bitstream "C:/Users/ryanh/Lab2_demo/Lab2_demo.sdk/Lab2_system_wrapper_hw_platform_0/Lab2_system_wrapper.bit"
20:11:53 INFO  : Disconnected from the channel tcfchan#1.
20:11:54 INFO  : 'targets -set -filter {jtag_cable_name =~ "Digilent Zed 210248BE0D1E" && level==0} -index 1' command is executed.
20:11:54 INFO  : 'fpga -state' command is executed.
20:11:54 INFO  : Connected to target on host '127.0.0.1' and port '3121'.
20:11:54 INFO  : Jtag cable 'Digilent Zed 210248BE0D1E' is selected.
20:11:54 INFO  : 'jtag frequency' command is executed.
20:11:54 INFO  : Sourcing of 'C:/Users/ryanh/Lab2_demo/Lab2_demo.sdk/Lab2_system_wrapper_hw_platform_0/ps7_init.tcl' is done.
20:11:55 INFO  : Context for 'APU' is selected.
20:11:56 INFO  : Hardware design information is loaded from 'C:/Users/ryanh/Lab2_demo/Lab2_demo.sdk/Lab2_system_wrapper_hw_platform_0/system.hdf'.
20:11:56 INFO  : 'configparams force-mem-access 1' command is executed.
20:11:56 INFO  : Context for 'APU' is selected.
20:11:56 INFO  : 'stop' command is executed.
20:11:56 INFO  : 'ps7_init' command is executed.
20:11:56 INFO  : 'ps7_post_config' command is executed.
20:11:56 INFO  : Context for processor 'ps7_cortexa9_0' is selected.
20:11:56 INFO  : Processor reset is completed for 'ps7_cortexa9_0'.
20:11:56 INFO  : Context for processor 'ps7_cortexa9_0' is selected.
20:11:56 INFO  : The application 'C:/Users/ryanh/Lab2_demo/Lab2_demo.sdk/Lab2_IP_SDK/Debug/Lab2_IP_SDK.elf' is downloaded to processor 'ps7_cortexa9_0'.
20:11:56 INFO  : 'configparams force-mem-access 0' command is executed.
20:11:56 INFO  : ----------------XSDB Script----------------
connect -url tcp:127.0.0.1:3121
source C:/Users/ryanh/Lab2_demo/Lab2_demo.sdk/Lab2_system_wrapper_hw_platform_0/ps7_init.tcl
targets -set -nocase -filter {name =~"APU*" && jtag_cable_name =~ "Digilent Zed 210248BE0D1E"} -index 0
loadhw -hw C:/Users/ryanh/Lab2_demo/Lab2_demo.sdk/Lab2_system_wrapper_hw_platform_0/system.hdf -mem-ranges [list {0x40000000 0xbfffffff}]
configparams force-mem-access 1
targets -set -nocase -filter {name =~"APU*" && jtag_cable_name =~ "Digilent Zed 210248BE0D1E"} -index 0
stop
ps7_init
ps7_post_config
targets -set -nocase -filter {name =~ "ARM*#0" && jtag_cable_name =~ "Digilent Zed 210248BE0D1E"} -index 0
rst -processor
targets -set -nocase -filter {name =~ "ARM*#0" && jtag_cable_name =~ "Digilent Zed 210248BE0D1E"} -index 0
dow C:/Users/ryanh/Lab2_demo/Lab2_demo.sdk/Lab2_IP_SDK/Debug/Lab2_IP_SDK.elf
configparams force-mem-access 0
----------------End of Script----------------

20:11:57 INFO  : Memory regions updated for context APU
20:11:57 INFO  : Context for processor 'ps7_cortexa9_0' is selected.
20:11:57 INFO  : 'con' command is executed.
20:11:57 INFO  : ----------------XSDB Script (After Launch)----------------
targets -set -nocase -filter {name =~ "ARM*#0" && jtag_cable_name =~ "Digilent Zed 210248BE0D1E"} -index 0
con
----------------End of Script----------------

20:11:57 INFO  : Launch script is exported to file 'C:\Users\ryanh\Lab2_demo\Lab2_demo.sdk\.sdk\launch_scripts\xilinx_c-c++_application_(system_debugger)\system_debugger_using_debug_lab2_ip_sdk.elf_on_local.tcl'
20:19:15 INFO  : Disconnected from the channel tcfchan#2.
20:19:16 INFO  : 'targets -set -filter {jtag_cable_name =~ "Digilent Zed 210248BE0D1E" && level==0} -index 1' command is executed.
20:19:16 INFO  : 'fpga -state' command is executed.
20:19:16 INFO  : Connected to target on host '127.0.0.1' and port '3121'.
20:19:16 INFO  : Jtag cable 'Digilent Zed 210248BE0D1E' is selected.
20:19:16 INFO  : 'jtag frequency' command is executed.
20:19:16 INFO  : Sourcing of 'C:/Users/ryanh/Lab2_demo/Lab2_demo.sdk/Lab2_system_wrapper_hw_platform_0/ps7_init.tcl' is done.
20:19:16 INFO  : Context for 'APU' is selected.
20:19:18 INFO  : Hardware design information is loaded from 'C:/Users/ryanh/Lab2_demo/Lab2_demo.sdk/Lab2_system_wrapper_hw_platform_0/system.hdf'.
20:19:18 INFO  : 'configparams force-mem-access 1' command is executed.
20:19:18 INFO  : Context for 'APU' is selected.
20:19:18 INFO  : 'stop' command is executed.
20:19:18 INFO  : 'ps7_init' command is executed.
20:19:18 INFO  : 'ps7_post_config' command is executed.
20:19:18 INFO  : Context for processor 'ps7_cortexa9_0' is selected.
20:19:18 INFO  : Processor reset is completed for 'ps7_cortexa9_0'.
20:19:18 INFO  : Context for processor 'ps7_cortexa9_0' is selected.
20:19:18 INFO  : The application 'C:/Users/ryanh/Lab2_demo/Lab2_demo.sdk/Lab2_IP_SDK/Debug/Lab2_IP_SDK.elf' is downloaded to processor 'ps7_cortexa9_0'.
20:19:18 INFO  : 'configparams force-mem-access 0' command is executed.
20:19:18 INFO  : ----------------XSDB Script----------------
connect -url tcp:127.0.0.1:3121
source C:/Users/ryanh/Lab2_demo/Lab2_demo.sdk/Lab2_system_wrapper_hw_platform_0/ps7_init.tcl
targets -set -nocase -filter {name =~"APU*" && jtag_cable_name =~ "Digilent Zed 210248BE0D1E"} -index 0
loadhw -hw C:/Users/ryanh/Lab2_demo/Lab2_demo.sdk/Lab2_system_wrapper_hw_platform_0/system.hdf -mem-ranges [list {0x40000000 0xbfffffff}]
configparams force-mem-access 1
targets -set -nocase -filter {name =~"APU*" && jtag_cable_name =~ "Digilent Zed 210248BE0D1E"} -index 0
stop
ps7_init
ps7_post_config
targets -set -nocase -filter {name =~ "ARM*#0" && jtag_cable_name =~ "Digilent Zed 210248BE0D1E"} -index 0
rst -processor
targets -set -nocase -filter {name =~ "ARM*#0" && jtag_cable_name =~ "Digilent Zed 210248BE0D1E"} -index 0
dow C:/Users/ryanh/Lab2_demo/Lab2_demo.sdk/Lab2_IP_SDK/Debug/Lab2_IP_SDK.elf
configparams force-mem-access 0
----------------End of Script----------------

20:19:18 INFO  : Memory regions updated for context APU
20:19:18 INFO  : Context for processor 'ps7_cortexa9_0' is selected.
20:19:18 INFO  : 'con' command is executed.
20:19:18 INFO  : ----------------XSDB Script (After Launch)----------------
targets -set -nocase -filter {name =~ "ARM*#0" && jtag_cable_name =~ "Digilent Zed 210248BE0D1E"} -index 0
con
----------------End of Script----------------

20:19:18 INFO  : Launch script is exported to file 'C:\Users\ryanh\Lab2_demo\Lab2_demo.sdk\.sdk\launch_scripts\xilinx_c-c++_application_(system_debugger)\system_debugger_using_debug_lab2_ip_sdk.elf_on_local.tcl'
23:40:44 INFO  : Disconnected from the channel tcfchan#3.
23:41:31 INFO  : Registering command handlers for SDK TCF services
23:41:32 INFO  : Launching XSCT server: xsct.bat -interactive C:\Users\ryanh\Lab2_demo\Lab2_demo.sdk\temp_xsdb_launch_script.tcl
23:41:35 INFO  : XSCT server has started successfully.
23:41:38 INFO  : Successfully done setting XSCT server connection channel  
23:41:38 INFO  : Successfully done setting SDK workspace  
23:41:38 INFO  : Processing command line option -hwspec C:/Users/ryanh/Lab2_demo/Lab2_demo.sdk/Lab2_two_slaves_wrapper.hdf.
00:00:15 INFO  : Connected to target on host '127.0.0.1' and port '3121'.
00:00:15 INFO  : 'targets -set -filter {jtag_cable_name =~ "Digilent Zed 210248BE0D1E" && level==0} -index 1' command is executed.
00:00:18 INFO  : FPGA configured successfully with bitstream "C:/Users/ryanh/Lab2_demo/Lab2_demo.sdk/Lab2_two_slaves_wrapper_hw_platform_0/Lab2_two_slaves_wrapper.bit"
00:00:35 INFO  : 'targets -set -filter {jtag_cable_name =~ "Digilent Zed 210248BE0D1E" && level==0} -index 1' command is executed.
00:00:35 INFO  : 'fpga -state' command is executed.
00:00:35 INFO  : Connected to target on host '127.0.0.1' and port '3121'.
00:00:36 INFO  : Jtag cable 'Digilent Zed 210248BE0D1E' is selected.
00:00:36 INFO  : 'jtag frequency' command is executed.
00:00:36 INFO  : Sourcing of 'C:/Users/ryanh/Lab2_demo/Lab2_demo.sdk/Lab2_two_slaves_wrapper_hw_platform_0/ps7_init.tcl' is done.
00:00:36 INFO  : Context for 'APU' is selected.
00:00:36 INFO  : Hardware design information is loaded from 'C:/Users/ryanh/Lab2_demo/Lab2_demo.sdk/Lab2_two_slaves_wrapper_hw_platform_0/system.hdf'.
00:00:36 INFO  : 'configparams force-mem-access 1' command is executed.
00:00:36 INFO  : Context for 'APU' is selected.
00:00:36 INFO  : 'stop' command is executed.
00:00:36 INFO  : 'ps7_init' command is executed.
00:00:36 INFO  : 'ps7_post_config' command is executed.
00:00:36 INFO  : Context for processor 'ps7_cortexa9_0' is selected.
00:00:36 INFO  : Processor reset is completed for 'ps7_cortexa9_0'.
00:00:36 INFO  : Context for processor 'ps7_cortexa9_0' is selected.
00:00:36 INFO  : The application 'C:/Users/ryanh/Lab2_demo/Lab2_demo.sdk/Lab2_Two_Slaves_SDK/Debug/Lab2_Two_Slaves_SDK.elf' is downloaded to processor 'ps7_cortexa9_0'.
00:00:36 INFO  : 'configparams force-mem-access 0' command is executed.
00:00:36 INFO  : ----------------XSDB Script----------------
connect -url tcp:127.0.0.1:3121
source C:/Users/ryanh/Lab2_demo/Lab2_demo.sdk/Lab2_two_slaves_wrapper_hw_platform_0/ps7_init.tcl
targets -set -nocase -filter {name =~"APU*" && jtag_cable_name =~ "Digilent Zed 210248BE0D1E"} -index 0
loadhw -hw C:/Users/ryanh/Lab2_demo/Lab2_demo.sdk/Lab2_two_slaves_wrapper_hw_platform_0/system.hdf -mem-ranges [list {0x40000000 0xbfffffff}]
configparams force-mem-access 1
targets -set -nocase -filter {name =~"APU*" && jtag_cable_name =~ "Digilent Zed 210248BE0D1E"} -index 0
stop
ps7_init
ps7_post_config
targets -set -nocase -filter {name =~ "ARM*#0" && jtag_cable_name =~ "Digilent Zed 210248BE0D1E"} -index 0
rst -processor
targets -set -nocase -filter {name =~ "ARM*#0" && jtag_cable_name =~ "Digilent Zed 210248BE0D1E"} -index 0
dow C:/Users/ryanh/Lab2_demo/Lab2_demo.sdk/Lab2_Two_Slaves_SDK/Debug/Lab2_Two_Slaves_SDK.elf
configparams force-mem-access 0
----------------End of Script----------------

00:00:36 INFO  : Memory regions updated for context APU
00:00:36 INFO  : Context for processor 'ps7_cortexa9_0' is selected.
00:00:36 INFO  : 'con' command is executed.
00:00:36 INFO  : ----------------XSDB Script (After Launch)----------------
targets -set -nocase -filter {name =~ "ARM*#0" && jtag_cable_name =~ "Digilent Zed 210248BE0D1E"} -index 0
con
----------------End of Script----------------

00:00:36 INFO  : Launch script is exported to file 'C:\Users\ryanh\Lab2_demo\Lab2_demo.sdk\.sdk\launch_scripts\xilinx_c-c++_application_(system_debugger)\system_debugger_using_debug_lab2_two_slaves_sdk.elf_on_local.tcl'
