Copyright 1986-2018 Xilinx, Inc. All Rights Reserved.
------------------------------------------------------------------------------------
| Tool Version : Vivado v.2018.3 (win64) Build 2405991 Thu Dec  6 23:38:27 MST 2018
| Date         : Tue May  5 23:38:04 2026
| Host         : kaiden running 64-bit major release  (build 9200)
| Command      : upgrade_ip
| Device       : xc7z020clg484-1
------------------------------------------------------------------------------------

Upgrade Log for IP 'Lab2_led_Lab2_led_0_0'

1. Summary
----------

SUCCESS in the conversion of Lab2_led_Lab2_led_0_0 (xilinx.com:user:Lab2_led:1.0 (Rev. 2)) to Vivado generation flows.






Copyright 1986-2018 Xilinx, Inc. All Rights Reserved.
------------------------------------------------------------------------------------
| Tool Version : Vivado v.2018.3 (win64) Build 2405991 Thu Dec  6 23:38:27 MST 2018
| Date         : Tue May  5 23:22:53 2026
| Host         : kaiden running 64-bit major release  (build 9200)
| Command      : upgrade_ip
| Device       : xc7z020clg484-1
------------------------------------------------------------------------------------

Upgrade Log for IP 'Lab2_led_Lab2_led_0_0'

1. Summary
----------

SUCCESS in the conversion of Lab2_led_Lab2_led_0_0 (xilinx.com:user:Lab2_led:1.0 (Rev. 2)) to Vivado generation flows.






Copyright 1986-2018 Xilinx, Inc. All Rights Reserved.
------------------------------------------------------------------------------------
| Tool Version : Vivado v.2018.3 (win64) Build 2405991 Thu Dec  6 23:38:27 MST 2018
| Date         : Tue May  5 23:01:40 2026
| Host         : kaiden running 64-bit major release  (build 9200)
| Command      : upgrade_ip
| Device       : xc7z020clg484-1
------------------------------------------------------------------------------------

Upgrade Log for IP 'Lab2_led_Lab2_led_0_0'

1. Summary
----------

SUCCESS in the conversion of Lab2_led_Lab2_led_0_0 (xilinx.com:user:Lab2_led:1.0 (Rev. 2)) to Vivado generation flows.

