15:46:38 INFO  : Registering command handlers for SDK TCF services
15:46:39 INFO  : Launching XSCT server: xsct.bat -interactive C:\Users\ryanh\Lab2_master\Lab2_master.sdk\temp_xsdb_launch_script.tcl
15:46:41 INFO  : XSCT server has started successfully.
15:46:45 INFO  : Successfully done setting XSCT server connection channel  
15:46:45 INFO  : Successfully done setting SDK workspace  
15:46:45 INFO  : Processing command line option -hwspec C:/Users/ryanh/Lab2_master/Lab2_master.sdk/master_ip_system_wrapper.hdf.
16:39:41 INFO  : Connected to target on host '127.0.0.1' and port '3121'.
16:39:47 INFO  : 'targets -set -filter {jtag_cable_name =~ "Digilent Zed 210248BE0D1E" && level==0} -index 1' command is executed.
16:39:49 INFO  : FPGA configured successfully with bitstream "C:/Users/ryanh/Lab2_master/Lab2_master.sdk/master_ip_system_wrapper_hw_platform_0/master_ip_system_wrapper.bit"
16:40:07 INFO  : 'targets -set -filter {jtag_cable_name =~ "Digilent Zed 210248BE0D1E" && level==0} -index 1' command is executed.
16:40:07 INFO  : 'fpga -state' command is executed.
16:40:07 INFO  : Connected to target on host '127.0.0.1' and port '3121'.
16:40:07 INFO  : Jtag cable 'Digilent Zed 210248BE0D1E' is selected.
16:40:07 INFO  : 'jtag frequency' command is executed.
16:40:07 INFO  : Sourcing of 'C:/Users/ryanh/Lab2_master/Lab2_master.sdk/master_ip_system_wrapper_hw_platform_0/ps7_init.tcl' is done.
16:40:07 INFO  : Context for 'APU' is selected.
16:40:07 INFO  : Hardware design information is loaded from 'C:/Users/ryanh/Lab2_master/Lab2_master.sdk/master_ip_system_wrapper_hw_platform_0/system.hdf'.
16:40:07 INFO  : 'configparams force-mem-access 1' command is executed.
16:40:07 INFO  : Context for 'APU' is selected.
16:40:07 INFO  : 'stop' command is executed.
16:40:07 INFO  : 'ps7_init' command is executed.
16:40:07 INFO  : 'ps7_post_config' command is executed.
16:40:07 INFO  : Context for processor 'ps7_cortexa9_0' is selected.
16:40:07 INFO  : Processor reset is completed for 'ps7_cortexa9_0'.
16:40:07 INFO  : Context for processor 'ps7_cortexa9_0' is selected.
16:40:07 INFO  : The application 'C:/Users/ryanh/Lab2_master/Lab2_master.sdk/master_ip_sdk/Debug/master_ip_sdk.elf' is downloaded to processor 'ps7_cortexa9_0'.
16:40:07 INFO  : 'configparams force-mem-access 0' command is executed.
16:40:07 INFO  : ----------------XSDB Script----------------
connect -url tcp:127.0.0.1:3121
source C:/Users/ryanh/Lab2_master/Lab2_master.sdk/master_ip_system_wrapper_hw_platform_0/ps7_init.tcl
targets -set -nocase -filter {name =~"APU*" && jtag_cable_name =~ "Digilent Zed 210248BE0D1E"} -index 0
loadhw -hw C:/Users/ryanh/Lab2_master/Lab2_master.sdk/master_ip_system_wrapper_hw_platform_0/system.hdf -mem-ranges [list {0x40000000 0xbfffffff}]
configparams force-mem-access 1
targets -set -nocase -filter {name =~"APU*" && jtag_cable_name =~ "Digilent Zed 210248BE0D1E"} -index 0
stop
ps7_init
ps7_post_config
targets -set -nocase -filter {name =~ "ARM*#0" && jtag_cable_name =~ "Digilent Zed 210248BE0D1E"} -index 0
rst -processor
targets -set -nocase -filter {name =~ "ARM*#0" && jtag_cable_name =~ "Digilent Zed 210248BE0D1E"} -index 0
dow C:/Users/ryanh/Lab2_master/Lab2_master.sdk/master_ip_sdk/Debug/master_ip_sdk.elf
configparams force-mem-access 0
----------------End of Script----------------

16:40:07 INFO  : Memory regions updated for context APU
16:40:08 INFO  : Context for processor 'ps7_cortexa9_0' is selected.
16:40:08 INFO  : 'con' command is executed.
16:40:08 INFO  : ----------------XSDB Script (After Launch)----------------
targets -set -nocase -filter {name =~ "ARM*#0" && jtag_cable_name =~ "Digilent Zed 210248BE0D1E"} -index 0
con
----------------End of Script----------------

16:40:08 INFO  : Launch script is exported to file 'C:\Users\ryanh\Lab2_master\Lab2_master.sdk\.sdk\launch_scripts\xilinx_c-c++_application_(system_debugger)\system_debugger_using_debug_master_ip_sdk.elf_on_local.tcl'
16:40:27 INFO  : Disconnected from the channel tcfchan#1.
16:40:28 INFO  : 'targets -set -filter {jtag_cable_name =~ "Digilent Zed 210248BE0D1E" && level==0} -index 1' command is executed.
16:40:28 INFO  : 'fpga -state' command is executed.
16:40:28 INFO  : Connected to target on host '127.0.0.1' and port '3121'.
16:40:28 INFO  : Jtag cable 'Digilent Zed 210248BE0D1E' is selected.
16:40:28 INFO  : 'jtag frequency' command is executed.
16:40:28 INFO  : Sourcing of 'C:/Users/ryanh/Lab2_master/Lab2_master.sdk/master_ip_system_wrapper_hw_platform_0/ps7_init.tcl' is done.
16:40:28 INFO  : Context for 'APU' is selected.
16:40:29 INFO  : Hardware design information is loaded from 'C:/Users/ryanh/Lab2_master/Lab2_master.sdk/master_ip_system_wrapper_hw_platform_0/system.hdf'.
16:40:29 INFO  : 'configparams force-mem-access 1' command is executed.
16:40:29 INFO  : Context for 'APU' is selected.
16:40:29 INFO  : 'stop' command is executed.
16:40:29 INFO  : 'ps7_init' command is executed.
16:40:29 INFO  : 'ps7_post_config' command is executed.
16:40:29 INFO  : Context for processor 'ps7_cortexa9_0' is selected.
16:40:29 INFO  : Processor reset is completed for 'ps7_cortexa9_0'.
16:40:29 INFO  : Context for processor 'ps7_cortexa9_0' is selected.
16:40:30 INFO  : The application 'C:/Users/ryanh/Lab2_master/Lab2_master.sdk/master_ip_sdk/Debug/master_ip_sdk.elf' is downloaded to processor 'ps7_cortexa9_0'.
16:40:30 INFO  : 'configparams force-mem-access 0' command is executed.
16:40:30 INFO  : ----------------XSDB Script----------------
connect -url tcp:127.0.0.1:3121
source C:/Users/ryanh/Lab2_master/Lab2_master.sdk/master_ip_system_wrapper_hw_platform_0/ps7_init.tcl
targets -set -nocase -filter {name =~"APU*" && jtag_cable_name =~ "Digilent Zed 210248BE0D1E"} -index 0
loadhw -hw C:/Users/ryanh/Lab2_master/Lab2_master.sdk/master_ip_system_wrapper_hw_platform_0/system.hdf -mem-ranges [list {0x40000000 0xbfffffff}]
configparams force-mem-access 1
targets -set -nocase -filter {name =~"APU*" && jtag_cable_name =~ "Digilent Zed 210248BE0D1E"} -index 0
stop
ps7_init
ps7_post_config
targets -set -nocase -filter {name =~ "ARM*#0" && jtag_cable_name =~ "Digilent Zed 210248BE0D1E"} -index 0
rst -processor
targets -set -nocase -filter {name =~ "ARM*#0" && jtag_cable_name =~ "Digilent Zed 210248BE0D1E"} -index 0
dow C:/Users/ryanh/Lab2_master/Lab2_master.sdk/master_ip_sdk/Debug/master_ip_sdk.elf
configparams force-mem-access 0
----------------End of Script----------------

16:40:30 INFO  : Memory regions updated for context APU
16:40:30 INFO  : Context for processor 'ps7_cortexa9_0' is selected.
16:40:30 INFO  : 'con' command is executed.
16:40:30 INFO  : ----------------XSDB Script (After Launch)----------------
targets -set -nocase -filter {name =~ "ARM*#0" && jtag_cable_name =~ "Digilent Zed 210248BE0D1E"} -index 0
con
----------------End of Script----------------

16:40:30 INFO  : Launch script is exported to file 'C:\Users\ryanh\Lab2_master\Lab2_master.sdk\.sdk\launch_scripts\xilinx_c-c++_application_(system_debugger)\system_debugger_using_debug_master_ip_sdk.elf_on_local.tcl'
17:01:39 INFO  : Disconnected from the channel tcfchan#2.
17:01:40 INFO  : 'targets -set -filter {jtag_cable_name =~ "Digilent Zed 210248BE0D1E" && level==0} -index 1' command is executed.
17:01:40 INFO  : 'fpga -state' command is executed.
17:01:40 INFO  : Connected to target on host '127.0.0.1' and port '3121'.
17:01:41 INFO  : Jtag cable 'Digilent Zed 210248BE0D1E' is selected.
17:01:41 INFO  : 'jtag frequency' command is executed.
17:01:41 INFO  : Sourcing of 'C:/Users/ryanh/Lab2_master/Lab2_master.sdk/master_ip_system_wrapper_hw_platform_0/ps7_init.tcl' is done.
17:01:41 INFO  : Context for 'APU' is selected.
17:01:41 INFO  : Hardware design information is loaded from 'C:/Users/ryanh/Lab2_master/Lab2_master.sdk/master_ip_system_wrapper_hw_platform_0/system.hdf'.
17:01:41 INFO  : 'configparams force-mem-access 1' command is executed.
17:01:41 INFO  : Context for 'APU' is selected.
17:01:41 INFO  : 'stop' command is executed.
17:01:42 INFO  : 'ps7_init' command is executed.
17:01:42 INFO  : 'ps7_post_config' command is executed.
17:01:42 INFO  : Context for processor 'ps7_cortexa9_0' is selected.
17:01:42 INFO  : Processor reset is completed for 'ps7_cortexa9_0'.
17:01:42 INFO  : Context for processor 'ps7_cortexa9_0' is selected.
17:01:42 INFO  : The application 'C:/Users/ryanh/Lab2_master/Lab2_master.sdk/master_ip_sdk/Debug/master_ip_sdk.elf' is downloaded to processor 'ps7_cortexa9_0'.
17:01:42 INFO  : 'configparams force-mem-access 0' command is executed.
17:01:42 INFO  : ----------------XSDB Script----------------
connect -url tcp:127.0.0.1:3121
source C:/Users/ryanh/Lab2_master/Lab2_master.sdk/master_ip_system_wrapper_hw_platform_0/ps7_init.tcl
targets -set -nocase -filter {name =~"APU*" && jtag_cable_name =~ "Digilent Zed 210248BE0D1E"} -index 0
loadhw -hw C:/Users/ryanh/Lab2_master/Lab2_master.sdk/master_ip_system_wrapper_hw_platform_0/system.hdf -mem-ranges [list {0x40000000 0xbfffffff}]
configparams force-mem-access 1
targets -set -nocase -filter {name =~"APU*" && jtag_cable_name =~ "Digilent Zed 210248BE0D1E"} -index 0
stop
ps7_init
ps7_post_config
targets -set -nocase -filter {name =~ "ARM*#0" && jtag_cable_name =~ "Digilent Zed 210248BE0D1E"} -index 0
rst -processor
targets -set -nocase -filter {name =~ "ARM*#0" && jtag_cable_name =~ "Digilent Zed 210248BE0D1E"} -index 0
dow C:/Users/ryanh/Lab2_master/Lab2_master.sdk/master_ip_sdk/Debug/master_ip_sdk.elf
configparams force-mem-access 0
----------------End of Script----------------

17:01:42 INFO  : Memory regions updated for context APU
17:01:42 INFO  : Context for processor 'ps7_cortexa9_0' is selected.
17:01:42 INFO  : 'con' command is executed.
17:01:42 INFO  : ----------------XSDB Script (After Launch)----------------
targets -set -nocase -filter {name =~ "ARM*#0" && jtag_cable_name =~ "Digilent Zed 210248BE0D1E"} -index 0
con
----------------End of Script----------------

17:01:42 INFO  : Launch script is exported to file 'C:\Users\ryanh\Lab2_master\Lab2_master.sdk\.sdk\launch_scripts\xilinx_c-c++_application_(system_debugger)\system_debugger_using_debug_master_ip_sdk.elf_on_local.tcl'
17:02:43 INFO  : Disconnected from the channel tcfchan#3.
17:02:44 INFO  : 'targets -set -filter {jtag_cable_name =~ "Digilent Zed 210248BE0D1E" && level==0} -index 1' command is executed.
17:02:44 INFO  : 'fpga -state' command is executed.
17:02:44 INFO  : Connected to target on host '127.0.0.1' and port '3121'.
17:02:44 INFO  : Jtag cable 'Digilent Zed 210248BE0D1E' is selected.
17:02:44 INFO  : 'jtag frequency' command is executed.
17:02:44 INFO  : Sourcing of 'C:/Users/ryanh/Lab2_master/Lab2_master.sdk/master_ip_system_wrapper_hw_platform_0/ps7_init.tcl' is done.
17:02:44 INFO  : Context for 'APU' is selected.
17:02:45 INFO  : Hardware design information is loaded from 'C:/Users/ryanh/Lab2_master/Lab2_master.sdk/master_ip_system_wrapper_hw_platform_0/system.hdf'.
17:02:45 INFO  : 'configparams force-mem-access 1' command is executed.
17:02:45 INFO  : Context for 'APU' is selected.
17:02:45 INFO  : 'stop' command is executed.
17:02:45 INFO  : 'ps7_init' command is executed.
17:02:45 INFO  : 'ps7_post_config' command is executed.
17:02:45 INFO  : Context for processor 'ps7_cortexa9_0' is selected.
17:02:45 INFO  : Processor reset is completed for 'ps7_cortexa9_0'.
17:02:45 INFO  : Context for processor 'ps7_cortexa9_0' is selected.
17:02:46 INFO  : The application 'C:/Users/ryanh/Lab2_master/Lab2_master.sdk/master_ip_sdk/Debug/master_ip_sdk.elf' is downloaded to processor 'ps7_cortexa9_0'.
17:02:46 INFO  : 'configparams force-mem-access 0' command is executed.
17:02:46 INFO  : ----------------XSDB Script----------------
connect -url tcp:127.0.0.1:3121
source C:/Users/ryanh/Lab2_master/Lab2_master.sdk/master_ip_system_wrapper_hw_platform_0/ps7_init.tcl
targets -set -nocase -filter {name =~"APU*" && jtag_cable_name =~ "Digilent Zed 210248BE0D1E"} -index 0
loadhw -hw C:/Users/ryanh/Lab2_master/Lab2_master.sdk/master_ip_system_wrapper_hw_platform_0/system.hdf -mem-ranges [list {0x40000000 0xbfffffff}]
configparams force-mem-access 1
targets -set -nocase -filter {name =~"APU*" && jtag_cable_name =~ "Digilent Zed 210248BE0D1E"} -index 0
stop
ps7_init
ps7_post_config
targets -set -nocase -filter {name =~ "ARM*#0" && jtag_cable_name =~ "Digilent Zed 210248BE0D1E"} -index 0
rst -processor
targets -set -nocase -filter {name =~ "ARM*#0" && jtag_cable_name =~ "Digilent Zed 210248BE0D1E"} -index 0
dow C:/Users/ryanh/Lab2_master/Lab2_master.sdk/master_ip_sdk/Debug/master_ip_sdk.elf
configparams force-mem-access 0
----------------End of Script----------------

17:02:46 INFO  : Memory regions updated for context APU
17:02:46 INFO  : Context for processor 'ps7_cortexa9_0' is selected.
17:02:46 INFO  : 'con' command is executed.
17:02:46 INFO  : ----------------XSDB Script (After Launch)----------------
targets -set -nocase -filter {name =~ "ARM*#0" && jtag_cable_name =~ "Digilent Zed 210248BE0D1E"} -index 0
con
----------------End of Script----------------

17:02:46 INFO  : Launch script is exported to file 'C:\Users\ryanh\Lab2_master\Lab2_master.sdk\.sdk\launch_scripts\xilinx_c-c++_application_(system_debugger)\system_debugger_using_debug_master_ip_sdk.elf_on_local.tcl'
17:03:35 INFO  : Disconnected from the channel tcfchan#4.
17:03:36 INFO  : 'targets -set -filter {jtag_cable_name =~ "Digilent Zed 210248BE0D1E" && level==0} -index 1' command is executed.
17:03:36 INFO  : 'fpga -state' command is executed.
17:03:36 INFO  : Connected to target on host '127.0.0.1' and port '3121'.
17:03:36 INFO  : Jtag cable 'Digilent Zed 210248BE0D1E' is selected.
17:03:36 INFO  : 'jtag frequency' command is executed.
17:03:36 INFO  : Sourcing of 'C:/Users/ryanh/Lab2_master/Lab2_master.sdk/master_ip_system_wrapper_hw_platform_0/ps7_init.tcl' is done.
17:03:36 INFO  : Context for 'APU' is selected.
17:03:37 INFO  : Hardware design information is loaded from 'C:/Users/ryanh/Lab2_master/Lab2_master.sdk/master_ip_system_wrapper_hw_platform_0/system.hdf'.
17:03:37 INFO  : 'configparams force-mem-access 1' command is executed.
17:03:37 INFO  : Context for 'APU' is selected.
17:03:37 INFO  : 'stop' command is executed.
17:03:37 INFO  : 'ps7_init' command is executed.
17:03:37 INFO  : 'ps7_post_config' command is executed.
17:03:37 INFO  : Context for processor 'ps7_cortexa9_0' is selected.
17:03:37 INFO  : Processor reset is completed for 'ps7_cortexa9_0'.
17:03:37 INFO  : Context for processor 'ps7_cortexa9_0' is selected.
17:03:38 INFO  : The application 'C:/Users/ryanh/Lab2_master/Lab2_master.sdk/master_ip_sdk/Debug/master_ip_sdk.elf' is downloaded to processor 'ps7_cortexa9_0'.
17:03:38 INFO  : 'configparams force-mem-access 0' command is executed.
17:03:38 INFO  : ----------------XSDB Script----------------
connect -url tcp:127.0.0.1:3121
source C:/Users/ryanh/Lab2_master/Lab2_master.sdk/master_ip_system_wrapper_hw_platform_0/ps7_init.tcl
targets -set -nocase -filter {name =~"APU*" && jtag_cable_name =~ "Digilent Zed 210248BE0D1E"} -index 0
loadhw -hw C:/Users/ryanh/Lab2_master/Lab2_master.sdk/master_ip_system_wrapper_hw_platform_0/system.hdf -mem-ranges [list {0x40000000 0xbfffffff}]
configparams force-mem-access 1
targets -set -nocase -filter {name =~"APU*" && jtag_cable_name =~ "Digilent Zed 210248BE0D1E"} -index 0
stop
ps7_init
ps7_post_config
targets -set -nocase -filter {name =~ "ARM*#0" && jtag_cable_name =~ "Digilent Zed 210248BE0D1E"} -index 0
rst -processor
targets -set -nocase -filter {name =~ "ARM*#0" && jtag_cable_name =~ "Digilent Zed 210248BE0D1E"} -index 0
dow C:/Users/ryanh/Lab2_master/Lab2_master.sdk/master_ip_sdk/Debug/master_ip_sdk.elf
configparams force-mem-access 0
----------------End of Script----------------

17:03:38 INFO  : Memory regions updated for context APU
17:03:38 INFO  : Context for processor 'ps7_cortexa9_0' is selected.
17:03:38 INFO  : 'con' command is executed.
17:03:38 INFO  : ----------------XSDB Script (After Launch)----------------
targets -set -nocase -filter {name =~ "ARM*#0" && jtag_cable_name =~ "Digilent Zed 210248BE0D1E"} -index 0
con
----------------End of Script----------------

17:03:38 INFO  : Launch script is exported to file 'C:\Users\ryanh\Lab2_master\Lab2_master.sdk\.sdk\launch_scripts\xilinx_c-c++_application_(system_debugger)\system_debugger_using_debug_master_ip_sdk.elf_on_local.tcl'
17:04:04 INFO  : Disconnected from the channel tcfchan#5.
17:04:05 INFO  : 'targets -set -filter {jtag_cable_name =~ "Digilent Zed 210248BE0D1E" && level==0} -index 1' command is executed.
17:04:05 INFO  : 'fpga -state' command is executed.
17:04:05 INFO  : Connected to target on host '127.0.0.1' and port '3121'.
17:04:05 INFO  : Jtag cable 'Digilent Zed 210248BE0D1E' is selected.
17:04:05 INFO  : 'jtag frequency' command is executed.
17:04:05 INFO  : Sourcing of 'C:/Users/ryanh/Lab2_master/Lab2_master.sdk/master_ip_system_wrapper_hw_platform_0/ps7_init.tcl' is done.
17:04:05 INFO  : Context for 'APU' is selected.
17:04:06 INFO  : Hardware design information is loaded from 'C:/Users/ryanh/Lab2_master/Lab2_master.sdk/master_ip_system_wrapper_hw_platform_0/system.hdf'.
17:04:06 INFO  : 'configparams force-mem-access 1' command is executed.
17:04:06 INFO  : Context for 'APU' is selected.
17:04:06 INFO  : 'stop' command is executed.
17:04:06 INFO  : 'ps7_init' command is executed.
17:04:06 INFO  : 'ps7_post_config' command is executed.
17:04:06 INFO  : Context for processor 'ps7_cortexa9_0' is selected.
17:04:07 INFO  : Processor reset is completed for 'ps7_cortexa9_0'.
17:04:07 INFO  : Context for processor 'ps7_cortexa9_0' is selected.
17:04:07 INFO  : The application 'C:/Users/ryanh/Lab2_master/Lab2_master.sdk/master_ip_sdk/Debug/master_ip_sdk.elf' is downloaded to processor 'ps7_cortexa9_0'.
17:04:07 INFO  : 'configparams force-mem-access 0' command is executed.
17:04:07 INFO  : ----------------XSDB Script----------------
connect -url tcp:127.0.0.1:3121
source C:/Users/ryanh/Lab2_master/Lab2_master.sdk/master_ip_system_wrapper_hw_platform_0/ps7_init.tcl
targets -set -nocase -filter {name =~"APU*" && jtag_cable_name =~ "Digilent Zed 210248BE0D1E"} -index 0
loadhw -hw C:/Users/ryanh/Lab2_master/Lab2_master.sdk/master_ip_system_wrapper_hw_platform_0/system.hdf -mem-ranges [list {0x40000000 0xbfffffff}]
configparams force-mem-access 1
targets -set -nocase -filter {name =~"APU*" && jtag_cable_name =~ "Digilent Zed 210248BE0D1E"} -index 0
stop
ps7_init
ps7_post_config
targets -set -nocase -filter {name =~ "ARM*#0" && jtag_cable_name =~ "Digilent Zed 210248BE0D1E"} -index 0
rst -processor
targets -set -nocase -filter {name =~ "ARM*#0" && jtag_cable_name =~ "Digilent Zed 210248BE0D1E"} -index 0
dow C:/Users/ryanh/Lab2_master/Lab2_master.sdk/master_ip_sdk/Debug/master_ip_sdk.elf
configparams force-mem-access 0
----------------End of Script----------------

17:04:07 INFO  : Memory regions updated for context APU
17:04:07 INFO  : Context for processor 'ps7_cortexa9_0' is selected.
17:04:07 INFO  : 'con' command is executed.
17:04:07 INFO  : ----------------XSDB Script (After Launch)----------------
targets -set -nocase -filter {name =~ "ARM*#0" && jtag_cable_name =~ "Digilent Zed 210248BE0D1E"} -index 0
con
----------------End of Script----------------

17:04:07 INFO  : Launch script is exported to file 'C:\Users\ryanh\Lab2_master\Lab2_master.sdk\.sdk\launch_scripts\xilinx_c-c++_application_(system_debugger)\system_debugger_using_debug_master_ip_sdk.elf_on_local.tcl'
21:50:25 INFO  : Disconnected from the channel tcfchan#6.
