Copyright 1986-2018 Xilinx, Inc. All Rights Reserved.
---------------------------------------------------------------------------------------------------------------------------------------------
| Tool Version : Vivado v.2018.3 (win64) Build 2405991 Thu Dec  6 23:38:27 MST 2018
| Date         : Wed May  6 21:08:41 2026
| Host         : kaiden running 64-bit major release  (build 9200)
| Command      : report_drc -file HW4_system_wrapper_drc_opted.rpt -pb HW4_system_wrapper_drc_opted.pb -rpx HW4_system_wrapper_drc_opted.rpx
| Design       : HW4_system_wrapper
| Device       : xc7z020clg484-1
| Speed File   : -1
| Design State : Synthesized
---------------------------------------------------------------------------------------------------------------------------------------------

Report DRC

Table of Contents
-----------------
1. REPORT SUMMARY
2. REPORT DETAILS

1. REPORT SUMMARY
-----------------
            Netlist: netlist
          Floorplan: design_1
      Design limits: <entire design considered>
           Ruledeck: default
             Max violations: <unlimited>
             Violations found: 21
+-----------+----------+----------------------------+------------+
| Rule      | Severity | Description                | Violations |
+-----------+----------+----------------------------+------------+
| CHECK-3   | Warning  | Report rule limit reached  | 1          |
| REQP-1840 | Warning  | RAMB18 async control check | 20         |
+-----------+----------+----------------------------+------------+

2. REPORT DETAILS
-----------------
CHECK-3#1 Warning
Report rule limit reached  
REQP-1840 rule limit reached: 20 violations have been found.
Related violations: <none>

REQP-1840#1 Warning
RAMB18 async control check  
The RAMB18E1 HW4_system_i/HW4IP_0/inst/HW4IP_v1_0_S00_AXI_inst/u_hw2/u_input_image/RAM_reg_0 has an input control pin HW4_system_i/HW4IP_0/inst/HW4IP_v1_0_S00_AXI_inst/u_hw2/u_input_image/RAM_reg_0/ADDRARDADDR[10] (net: HW4_system_i/HW4IP_0/inst/HW4IP_v1_0_S00_AXI_inst/u_hw2/u_input_image/ADDRARDADDR[6]) which is driven by a register (HW4_system_i/HW4IP_0/inst/HW4IP_v1_0_S00_AXI_inst/u_hw2/is_computing_reg) that has an active asychronous set or reset. This may cause corruption of the memory contents and/or read values when the set/reset is asserted and is not analyzed by the default static timing analysis. It is suggested to eliminate the use of a set/reset to registers driving this RAMB pin or else use a synchronous reset in which the assertion of the reset is timed by default.
Related violations: <none>

REQP-1840#2 Warning
RAMB18 async control check  
The RAMB18E1 HW4_system_i/HW4IP_0/inst/HW4IP_v1_0_S00_AXI_inst/u_hw2/u_input_image/RAM_reg_0 has an input control pin HW4_system_i/HW4IP_0/inst/HW4IP_v1_0_S00_AXI_inst/u_hw2/u_input_image/RAM_reg_0/ADDRARDADDR[10] (net: HW4_system_i/HW4IP_0/inst/HW4IP_v1_0_S00_AXI_inst/u_hw2/u_input_image/ADDRARDADDR[6]) which is driven by a register (HW4_system_i/HW4IP_0/inst/HW4IP_v1_0_S00_AXI_inst/u_hw2/u_vmm/raddr_reg[6]) that has an active asychronous set or reset. This may cause corruption of the memory contents and/or read values when the set/reset is asserted and is not analyzed by the default static timing analysis. It is suggested to eliminate the use of a set/reset to registers driving this RAMB pin or else use a synchronous reset in which the assertion of the reset is timed by default.
Related violations: <none>

REQP-1840#3 Warning
RAMB18 async control check  
The RAMB18E1 HW4_system_i/HW4IP_0/inst/HW4IP_v1_0_S00_AXI_inst/u_hw2/u_input_image/RAM_reg_0 has an input control pin HW4_system_i/HW4IP_0/inst/HW4IP_v1_0_S00_AXI_inst/u_hw2/u_input_image/RAM_reg_0/ADDRARDADDR[11] (net: HW4_system_i/HW4IP_0/inst/HW4IP_v1_0_S00_AXI_inst/u_hw2/u_input_image/ADDRARDADDR[7]) which is driven by a register (HW4_system_i/HW4IP_0/inst/HW4IP_v1_0_S00_AXI_inst/u_hw2/is_computing_reg) that has an active asychronous set or reset. This may cause corruption of the memory contents and/or read values when the set/reset is asserted and is not analyzed by the default static timing analysis. It is suggested to eliminate the use of a set/reset to registers driving this RAMB pin or else use a synchronous reset in which the assertion of the reset is timed by default.
Related violations: <none>

REQP-1840#4 Warning
RAMB18 async control check  
The RAMB18E1 HW4_system_i/HW4IP_0/inst/HW4IP_v1_0_S00_AXI_inst/u_hw2/u_input_image/RAM_reg_0 has an input control pin HW4_system_i/HW4IP_0/inst/HW4IP_v1_0_S00_AXI_inst/u_hw2/u_input_image/RAM_reg_0/ADDRARDADDR[11] (net: HW4_system_i/HW4IP_0/inst/HW4IP_v1_0_S00_AXI_inst/u_hw2/u_input_image/ADDRARDADDR[7]) which is driven by a register (HW4_system_i/HW4IP_0/inst/HW4IP_v1_0_S00_AXI_inst/u_hw2/u_vmm/raddr_reg[7]) that has an active asychronous set or reset. This may cause corruption of the memory contents and/or read values when the set/reset is asserted and is not analyzed by the default static timing analysis. It is suggested to eliminate the use of a set/reset to registers driving this RAMB pin or else use a synchronous reset in which the assertion of the reset is timed by default.
Related violations: <none>

REQP-1840#5 Warning
RAMB18 async control check  
The RAMB18E1 HW4_system_i/HW4IP_0/inst/HW4IP_v1_0_S00_AXI_inst/u_hw2/u_input_image/RAM_reg_0 has an input control pin HW4_system_i/HW4IP_0/inst/HW4IP_v1_0_S00_AXI_inst/u_hw2/u_input_image/RAM_reg_0/ADDRARDADDR[12] (net: HW4_system_i/HW4IP_0/inst/HW4IP_v1_0_S00_AXI_inst/u_hw2/u_input_image/ADDRARDADDR[8]) which is driven by a register (HW4_system_i/HW4IP_0/inst/HW4IP_v1_0_S00_AXI_inst/u_hw2/is_computing_reg) that has an active asychronous set or reset. This may cause corruption of the memory contents and/or read values when the set/reset is asserted and is not analyzed by the default static timing analysis. It is suggested to eliminate the use of a set/reset to registers driving this RAMB pin or else use a synchronous reset in which the assertion of the reset is timed by default.
Related violations: <none>

REQP-1840#6 Warning
RAMB18 async control check  
The RAMB18E1 HW4_system_i/HW4IP_0/inst/HW4IP_v1_0_S00_AXI_inst/u_hw2/u_input_image/RAM_reg_0 has an input control pin HW4_system_i/HW4IP_0/inst/HW4IP_v1_0_S00_AXI_inst/u_hw2/u_input_image/RAM_reg_0/ADDRARDADDR[12] (net: HW4_system_i/HW4IP_0/inst/HW4IP_v1_0_S00_AXI_inst/u_hw2/u_input_image/ADDRARDADDR[8]) which is driven by a register (HW4_system_i/HW4IP_0/inst/HW4IP_v1_0_S00_AXI_inst/u_hw2/u_vmm/raddr_reg[8]) that has an active asychronous set or reset. This may cause corruption of the memory contents and/or read values when the set/reset is asserted and is not analyzed by the default static timing analysis. It is suggested to eliminate the use of a set/reset to registers driving this RAMB pin or else use a synchronous reset in which the assertion of the reset is timed by default.
Related violations: <none>

REQP-1840#7 Warning
RAMB18 async control check  
The RAMB18E1 HW4_system_i/HW4IP_0/inst/HW4IP_v1_0_S00_AXI_inst/u_hw2/u_input_image/RAM_reg_0 has an input control pin HW4_system_i/HW4IP_0/inst/HW4IP_v1_0_S00_AXI_inst/u_hw2/u_input_image/RAM_reg_0/ADDRARDADDR[4] (net: HW4_system_i/HW4IP_0/inst/HW4IP_v1_0_S00_AXI_inst/u_hw2/u_input_image/ADDRARDADDR[0]) which is driven by a register (HW4_system_i/HW4IP_0/inst/HW4IP_v1_0_S00_AXI_inst/u_hw2/is_computing_reg) that has an active asychronous set or reset. This may cause corruption of the memory contents and/or read values when the set/reset is asserted and is not analyzed by the default static timing analysis. It is suggested to eliminate the use of a set/reset to registers driving this RAMB pin or else use a synchronous reset in which the assertion of the reset is timed by default.
Related violations: <none>

REQP-1840#8 Warning
RAMB18 async control check  
The RAMB18E1 HW4_system_i/HW4IP_0/inst/HW4IP_v1_0_S00_AXI_inst/u_hw2/u_input_image/RAM_reg_0 has an input control pin HW4_system_i/HW4IP_0/inst/HW4IP_v1_0_S00_AXI_inst/u_hw2/u_input_image/RAM_reg_0/ADDRARDADDR[4] (net: HW4_system_i/HW4IP_0/inst/HW4IP_v1_0_S00_AXI_inst/u_hw2/u_input_image/ADDRARDADDR[0]) which is driven by a register (HW4_system_i/HW4IP_0/inst/HW4IP_v1_0_S00_AXI_inst/u_hw2/u_vmm/raddr_reg[0]) that has an active asychronous set or reset. This may cause corruption of the memory contents and/or read values when the set/reset is asserted and is not analyzed by the default static timing analysis. It is suggested to eliminate the use of a set/reset to registers driving this RAMB pin or else use a synchronous reset in which the assertion of the reset is timed by default.
Related violations: <none>

REQP-1840#9 Warning
RAMB18 async control check  
The RAMB18E1 HW4_system_i/HW4IP_0/inst/HW4IP_v1_0_S00_AXI_inst/u_hw2/u_input_image/RAM_reg_0 has an input control pin HW4_system_i/HW4IP_0/inst/HW4IP_v1_0_S00_AXI_inst/u_hw2/u_input_image/RAM_reg_0/ADDRARDADDR[5] (net: HW4_system_i/HW4IP_0/inst/HW4IP_v1_0_S00_AXI_inst/u_hw2/u_input_image/ADDRARDADDR[1]) which is driven by a register (HW4_system_i/HW4IP_0/inst/HW4IP_v1_0_S00_AXI_inst/u_hw2/is_computing_reg) that has an active asychronous set or reset. This may cause corruption of the memory contents and/or read values when the set/reset is asserted and is not analyzed by the default static timing analysis. It is suggested to eliminate the use of a set/reset to registers driving this RAMB pin or else use a synchronous reset in which the assertion of the reset is timed by default.
Related violations: <none>

REQP-1840#10 Warning
RAMB18 async control check  
The RAMB18E1 HW4_system_i/HW4IP_0/inst/HW4IP_v1_0_S00_AXI_inst/u_hw2/u_input_image/RAM_reg_0 has an input control pin HW4_system_i/HW4IP_0/inst/HW4IP_v1_0_S00_AXI_inst/u_hw2/u_input_image/RAM_reg_0/ADDRARDADDR[5] (net: HW4_system_i/HW4IP_0/inst/HW4IP_v1_0_S00_AXI_inst/u_hw2/u_input_image/ADDRARDADDR[1]) which is driven by a register (HW4_system_i/HW4IP_0/inst/HW4IP_v1_0_S00_AXI_inst/u_hw2/u_vmm/raddr_reg[1]) that has an active asychronous set or reset. This may cause corruption of the memory contents and/or read values when the set/reset is asserted and is not analyzed by the default static timing analysis. It is suggested to eliminate the use of a set/reset to registers driving this RAMB pin or else use a synchronous reset in which the assertion of the reset is timed by default.
Related violations: <none>

REQP-1840#11 Warning
RAMB18 async control check  
The RAMB18E1 HW4_system_i/HW4IP_0/inst/HW4IP_v1_0_S00_AXI_inst/u_hw2/u_input_image/RAM_reg_0 has an input control pin HW4_system_i/HW4IP_0/inst/HW4IP_v1_0_S00_AXI_inst/u_hw2/u_input_image/RAM_reg_0/ADDRARDADDR[6] (net: HW4_system_i/HW4IP_0/inst/HW4IP_v1_0_S00_AXI_inst/u_hw2/u_input_image/ADDRARDADDR[2]) which is driven by a register (HW4_system_i/HW4IP_0/inst/HW4IP_v1_0_S00_AXI_inst/u_hw2/is_computing_reg) that has an active asychronous set or reset. This may cause corruption of the memory contents and/or read values when the set/reset is asserted and is not analyzed by the default static timing analysis. It is suggested to eliminate the use of a set/reset to registers driving this RAMB pin or else use a synchronous reset in which the assertion of the reset is timed by default.
Related violations: <none>

REQP-1840#12 Warning
RAMB18 async control check  
The RAMB18E1 HW4_system_i/HW4IP_0/inst/HW4IP_v1_0_S00_AXI_inst/u_hw2/u_input_image/RAM_reg_0 has an input control pin HW4_system_i/HW4IP_0/inst/HW4IP_v1_0_S00_AXI_inst/u_hw2/u_input_image/RAM_reg_0/ADDRARDADDR[6] (net: HW4_system_i/HW4IP_0/inst/HW4IP_v1_0_S00_AXI_inst/u_hw2/u_input_image/ADDRARDADDR[2]) which is driven by a register (HW4_system_i/HW4IP_0/inst/HW4IP_v1_0_S00_AXI_inst/u_hw2/u_vmm/raddr_reg[2]) that has an active asychronous set or reset. This may cause corruption of the memory contents and/or read values when the set/reset is asserted and is not analyzed by the default static timing analysis. It is suggested to eliminate the use of a set/reset to registers driving this RAMB pin or else use a synchronous reset in which the assertion of the reset is timed by default.
Related violations: <none>

REQP-1840#13 Warning
RAMB18 async control check  
The RAMB18E1 HW4_system_i/HW4IP_0/inst/HW4IP_v1_0_S00_AXI_inst/u_hw2/u_input_image/RAM_reg_0 has an input control pin HW4_system_i/HW4IP_0/inst/HW4IP_v1_0_S00_AXI_inst/u_hw2/u_input_image/RAM_reg_0/ADDRARDADDR[7] (net: HW4_system_i/HW4IP_0/inst/HW4IP_v1_0_S00_AXI_inst/u_hw2/u_input_image/ADDRARDADDR[3]) which is driven by a register (HW4_system_i/HW4IP_0/inst/HW4IP_v1_0_S00_AXI_inst/u_hw2/is_computing_reg) that has an active asychronous set or reset. This may cause corruption of the memory contents and/or read values when the set/reset is asserted and is not analyzed by the default static timing analysis. It is suggested to eliminate the use of a set/reset to registers driving this RAMB pin or else use a synchronous reset in which the assertion of the reset is timed by default.
Related violations: <none>

REQP-1840#14 Warning
RAMB18 async control check  
The RAMB18E1 HW4_system_i/HW4IP_0/inst/HW4IP_v1_0_S00_AXI_inst/u_hw2/u_input_image/RAM_reg_0 has an input control pin HW4_system_i/HW4IP_0/inst/HW4IP_v1_0_S00_AXI_inst/u_hw2/u_input_image/RAM_reg_0/ADDRARDADDR[7] (net: HW4_system_i/HW4IP_0/inst/HW4IP_v1_0_S00_AXI_inst/u_hw2/u_input_image/ADDRARDADDR[3]) which is driven by a register (HW4_system_i/HW4IP_0/inst/HW4IP_v1_0_S00_AXI_inst/u_hw2/u_vmm/raddr_reg[3]) that has an active asychronous set or reset. This may cause corruption of the memory contents and/or read values when the set/reset is asserted and is not analyzed by the default static timing analysis. It is suggested to eliminate the use of a set/reset to registers driving this RAMB pin or else use a synchronous reset in which the assertion of the reset is timed by default.
Related violations: <none>

REQP-1840#15 Warning
RAMB18 async control check  
The RAMB18E1 HW4_system_i/HW4IP_0/inst/HW4IP_v1_0_S00_AXI_inst/u_hw2/u_input_image/RAM_reg_0 has an input control pin HW4_system_i/HW4IP_0/inst/HW4IP_v1_0_S00_AXI_inst/u_hw2/u_input_image/RAM_reg_0/ADDRARDADDR[8] (net: HW4_system_i/HW4IP_0/inst/HW4IP_v1_0_S00_AXI_inst/u_hw2/u_input_image/ADDRARDADDR[4]) which is driven by a register (HW4_system_i/HW4IP_0/inst/HW4IP_v1_0_S00_AXI_inst/u_hw2/is_computing_reg) that has an active asychronous set or reset. This may cause corruption of the memory contents and/or read values when the set/reset is asserted and is not analyzed by the default static timing analysis. It is suggested to eliminate the use of a set/reset to registers driving this RAMB pin or else use a synchronous reset in which the assertion of the reset is timed by default.
Related violations: <none>

REQP-1840#16 Warning
RAMB18 async control check  
The RAMB18E1 HW4_system_i/HW4IP_0/inst/HW4IP_v1_0_S00_AXI_inst/u_hw2/u_input_image/RAM_reg_0 has an input control pin HW4_system_i/HW4IP_0/inst/HW4IP_v1_0_S00_AXI_inst/u_hw2/u_input_image/RAM_reg_0/ADDRARDADDR[8] (net: HW4_system_i/HW4IP_0/inst/HW4IP_v1_0_S00_AXI_inst/u_hw2/u_input_image/ADDRARDADDR[4]) which is driven by a register (HW4_system_i/HW4IP_0/inst/HW4IP_v1_0_S00_AXI_inst/u_hw2/u_vmm/raddr_reg[4]) that has an active asychronous set or reset. This may cause corruption of the memory contents and/or read values when the set/reset is asserted and is not analyzed by the default static timing analysis. It is suggested to eliminate the use of a set/reset to registers driving this RAMB pin or else use a synchronous reset in which the assertion of the reset is timed by default.
Related violations: <none>

REQP-1840#17 Warning
RAMB18 async control check  
The RAMB18E1 HW4_system_i/HW4IP_0/inst/HW4IP_v1_0_S00_AXI_inst/u_hw2/u_input_image/RAM_reg_0 has an input control pin HW4_system_i/HW4IP_0/inst/HW4IP_v1_0_S00_AXI_inst/u_hw2/u_input_image/RAM_reg_0/ADDRARDADDR[9] (net: HW4_system_i/HW4IP_0/inst/HW4IP_v1_0_S00_AXI_inst/u_hw2/u_input_image/ADDRARDADDR[5]) which is driven by a register (HW4_system_i/HW4IP_0/inst/HW4IP_v1_0_S00_AXI_inst/u_hw2/is_computing_reg) that has an active asychronous set or reset. This may cause corruption of the memory contents and/or read values when the set/reset is asserted and is not analyzed by the default static timing analysis. It is suggested to eliminate the use of a set/reset to registers driving this RAMB pin or else use a synchronous reset in which the assertion of the reset is timed by default.
Related violations: <none>

REQP-1840#18 Warning
RAMB18 async control check  
The RAMB18E1 HW4_system_i/HW4IP_0/inst/HW4IP_v1_0_S00_AXI_inst/u_hw2/u_input_image/RAM_reg_0 has an input control pin HW4_system_i/HW4IP_0/inst/HW4IP_v1_0_S00_AXI_inst/u_hw2/u_input_image/RAM_reg_0/ADDRARDADDR[9] (net: HW4_system_i/HW4IP_0/inst/HW4IP_v1_0_S00_AXI_inst/u_hw2/u_input_image/ADDRARDADDR[5]) which is driven by a register (HW4_system_i/HW4IP_0/inst/HW4IP_v1_0_S00_AXI_inst/u_hw2/u_vmm/raddr_reg[5]) that has an active asychronous set or reset. This may cause corruption of the memory contents and/or read values when the set/reset is asserted and is not analyzed by the default static timing analysis. It is suggested to eliminate the use of a set/reset to registers driving this RAMB pin or else use a synchronous reset in which the assertion of the reset is timed by default.
Related violations: <none>

REQP-1840#19 Warning
RAMB18 async control check  
The RAMB18E1 HW4_system_i/HW4IP_0/inst/HW4IP_v1_0_S00_AXI_inst/u_hw2/u_input_image/RAM_reg_0 has an input control pin HW4_system_i/HW4IP_0/inst/HW4IP_v1_0_S00_AXI_inst/u_hw2/u_input_image/RAM_reg_0/ADDRBWRADDR[12] (net: HW4_system_i/HW4IP_0/inst/HW4IP_v1_0_S00_AXI_inst/u_hw2/u_input_image/ADDRARDADDR[8]) which is driven by a register (HW4_system_i/HW4IP_0/inst/HW4IP_v1_0_S00_AXI_inst/u_hw2/is_computing_reg) that has an active asychronous set or reset. This may cause corruption of the memory contents and/or read values when the set/reset is asserted and is not analyzed by the default static timing analysis. It is suggested to eliminate the use of a set/reset to registers driving this RAMB pin or else use a synchronous reset in which the assertion of the reset is timed by default.
Related violations: <none>

REQP-1840#20 Warning
RAMB18 async control check  
The RAMB18E1 HW4_system_i/HW4IP_0/inst/HW4IP_v1_0_S00_AXI_inst/u_hw2/u_input_image/RAM_reg_0 has an input control pin HW4_system_i/HW4IP_0/inst/HW4IP_v1_0_S00_AXI_inst/u_hw2/u_input_image/RAM_reg_0/ADDRBWRADDR[12] (net: HW4_system_i/HW4IP_0/inst/HW4IP_v1_0_S00_AXI_inst/u_hw2/u_input_image/ADDRARDADDR[8]) which is driven by a register (HW4_system_i/HW4IP_0/inst/HW4IP_v1_0_S00_AXI_inst/u_hw2/u_vmm/raddr_reg[8]) that has an active asychronous set or reset. This may cause corruption of the memory contents and/or read values when the set/reset is asserted and is not analyzed by the default static timing analysis. It is suggested to eliminate the use of a set/reset to registers driving this RAMB pin or else use a synchronous reset in which the assertion of the reset is timed by default.
Related violations: <none>


