Copyright 1986-2018 Xilinx, Inc. All Rights Reserved.
--------------------------------------------------------------------------------------------------------------------------------------------------------------------------------------------
| Tool Version : Vivado v.2018.3 (win64) Build 2405991 Thu Dec  6 23:38:27 MST 2018
| Date         : Wed May  6 21:09:32 2026
| Host         : kaiden running 64-bit major release  (build 9200)
| Command      : report_methodology -file HW4_system_wrapper_methodology_drc_routed.rpt -pb HW4_system_wrapper_methodology_drc_routed.pb -rpx HW4_system_wrapper_methodology_drc_routed.rpx
| Design       : HW4_system_wrapper
| Device       : xc7z020clg484-1
| Speed File   : -1
| Design State : Fully Routed
--------------------------------------------------------------------------------------------------------------------------------------------------------------------------------------------

Report Methodology

Table of Contents
-----------------
1. REPORT SUMMARY
2. REPORT DETAILS

1. REPORT SUMMARY
-----------------
            Netlist: netlist
          Floorplan: design_1
      Design limits: <entire design considered>
             Max violations: <unlimited>
             Violations found: 9
+-----------+----------+-----------------------+------------+
| Rule      | Severity | Description           | Violations |
+-----------+----------+-----------------------+------------+
| TIMING-16 | Warning  | Large setup violation | 9          |
+-----------+----------+-----------------------+------------+

2. REPORT DETAILS
-----------------
TIMING-16#1 Warning
Large setup violation  
There is a large setup violation of -1.165 ns between HW4_system_i/HW4IP_0/inst/HW4IP_v1_0_S00_AXI_inst/u_hw2/u_input_image/RAM_reg_1/CLKBWRCLK (clocked by clk_fpga_0) and HW4_system_i/HW4IP_0/inst/HW4IP_v1_0_S00_AXI_inst/u_hw2/u_vmm/wdata_reg[3]/D (clocked by clk_fpga_0). Large setup violations at the end of those stages might be difficult to fix during the post-placement implementation flow and could be the result of non-optimal XDC constraints or non-optimal design architecture
Related violations: <none>

TIMING-16#2 Warning
Large setup violation  
There is a large setup violation of -1.951 ns between HW4_system_i/HW4IP_0/inst/HW4IP_v1_0_S00_AXI_inst/u_hw2/u_input_image/RAM_reg_1/CLKBWRCLK (clocked by clk_fpga_0) and HW4_system_i/HW4IP_0/inst/HW4IP_v1_0_S00_AXI_inst/u_hw2/u_vmm/wdata_reg[4]/D (clocked by clk_fpga_0). Large setup violations at the end of those stages might be difficult to fix during the post-placement implementation flow and could be the result of non-optimal XDC constraints or non-optimal design architecture
Related violations: <none>

TIMING-16#3 Warning
Large setup violation  
There is a large setup violation of -2.130 ns between HW4_system_i/HW4IP_0/inst/HW4IP_v1_0_S00_AXI_inst/u_hw2/u_input_image/RAM_reg_1/CLKBWRCLK (clocked by clk_fpga_0) and HW4_system_i/HW4IP_0/inst/HW4IP_v1_0_S00_AXI_inst/u_hw2/u_vmm/wdata_reg[5]/D (clocked by clk_fpga_0). Large setup violations at the end of those stages might be difficult to fix during the post-placement implementation flow and could be the result of non-optimal XDC constraints or non-optimal design architecture
Related violations: <none>

TIMING-16#4 Warning
Large setup violation  
There is a large setup violation of -2.533 ns between HW4_system_i/HW4IP_0/inst/HW4IP_v1_0_S00_AXI_inst/u_hw2/u_input_image/RAM_reg_1/CLKBWRCLK (clocked by clk_fpga_0) and HW4_system_i/HW4IP_0/inst/HW4IP_v1_0_S00_AXI_inst/u_hw2/u_vmm/wdata_reg[7]/D (clocked by clk_fpga_0). Large setup violations at the end of those stages might be difficult to fix during the post-placement implementation flow and could be the result of non-optimal XDC constraints or non-optimal design architecture
Related violations: <none>

TIMING-16#5 Warning
Large setup violation  
There is a large setup violation of -2.555 ns between HW4_system_i/HW4IP_0/inst/HW4IP_v1_0_S00_AXI_inst/u_hw2/u_input_image/RAM_reg_1/CLKBWRCLK (clocked by clk_fpga_0) and HW4_system_i/HW4IP_0/inst/HW4IP_v1_0_S00_AXI_inst/u_hw2/u_vmm/wdata_reg[6]/D (clocked by clk_fpga_0). Large setup violations at the end of those stages might be difficult to fix during the post-placement implementation flow and could be the result of non-optimal XDC constraints or non-optimal design architecture
Related violations: <none>

TIMING-16#6 Warning
Large setup violation  
There is a large setup violation of -3.145 ns between HW4_system_i/HW4IP_0/inst/HW4IP_v1_0_S00_AXI_inst/u_hw2/u_input_image/RAM_reg_1/CLKBWRCLK (clocked by clk_fpga_0) and HW4_system_i/HW4IP_0/inst/HW4IP_v1_0_S00_AXI_inst/u_hw2/u_vmm/wdata_reg[8]/D (clocked by clk_fpga_0). Large setup violations at the end of those stages might be difficult to fix during the post-placement implementation flow and could be the result of non-optimal XDC constraints or non-optimal design architecture
Related violations: <none>

TIMING-16#7 Warning
Large setup violation  
There is a large setup violation of -3.203 ns between HW4_system_i/HW4IP_0/inst/HW4IP_v1_0_S00_AXI_inst/u_hw2/u_input_image/RAM_reg_1/CLKBWRCLK (clocked by clk_fpga_0) and HW4_system_i/HW4IP_0/inst/HW4IP_v1_0_S00_AXI_inst/u_hw2/u_vmm/wdata_reg[9]/D (clocked by clk_fpga_0). Large setup violations at the end of those stages might be difficult to fix during the post-placement implementation flow and could be the result of non-optimal XDC constraints or non-optimal design architecture
Related violations: <none>

TIMING-16#8 Warning
Large setup violation  
There is a large setup violation of -3.315 ns between HW4_system_i/HW4IP_0/inst/HW4IP_v1_0_S00_AXI_inst/u_hw2/u_input_image/RAM_reg_0/CLKARDCLK (clocked by clk_fpga_0) and HW4_system_i/HW4IP_0/inst/HW4IP_v1_0_S00_AXI_inst/u_hw2/u_vmm/wdata_reg[10]/D (clocked by clk_fpga_0). Large setup violations at the end of those stages might be difficult to fix during the post-placement implementation flow and could be the result of non-optimal XDC constraints or non-optimal design architecture
Related violations: <none>

TIMING-16#9 Warning
Large setup violation  
There is a large setup violation of -3.418 ns between HW4_system_i/HW4IP_0/inst/HW4IP_v1_0_S00_AXI_inst/u_hw2/u_input_image/RAM_reg_0/CLKARDCLK (clocked by clk_fpga_0) and HW4_system_i/HW4IP_0/inst/HW4IP_v1_0_S00_AXI_inst/u_hw2/u_vmm/wdata_reg[11]/D (clocked by clk_fpga_0). Large setup violations at the end of those stages might be difficult to fix during the post-placement implementation flow and could be the result of non-optimal XDC constraints or non-optimal design architecture
Related violations: <none>


