Copyright 1986-2018 Xilinx, Inc. All Rights Reserved.
-----------------------------------------------------------------------------------------------
| Tool Version : Vivado v.2018.3 (win64) Build 2405991 Thu Dec  6 23:38:27 MST 2018
| Date         : Wed May  6 21:09:01 2026
| Host         : kaiden running 64-bit major release  (build 9200)
| Command      : report_control_sets -verbose -file HW4_system_wrapper_control_sets_placed.rpt
| Design       : HW4_system_wrapper
| Device       : xc7z020
-----------------------------------------------------------------------------------------------

Control Set Information

Table of Contents
-----------------
1. Summary
2. Histogram
3. Flip-Flop Distribution
4. Detailed Control Set Information

1. Summary
----------

+----------------------------------------------------------+-------+
|                          Status                          | Count |
+----------------------------------------------------------+-------+
| Number of unique control sets                            |    62 |
| Unused register locations in slices containing registers |    91 |
+----------------------------------------------------------+-------+


2. Histogram
------------

+--------+--------------+
| Fanout | Control Sets |
+--------+--------------+
|      1 |            1 |
|      2 |            1 |
|      4 |            3 |
|      5 |            3 |
|      6 |            3 |
|      8 |           30 |
|      9 |            1 |
|     10 |            1 |
|     12 |            1 |
|     13 |            1 |
|     14 |            2 |
|    16+ |           15 |
+--------+--------------+


3. Flip-Flop Distribution
-------------------------

+--------------+-----------------------+------------------------+-----------------+--------------+
| Clock Enable | Synchronous Set/Reset | Asynchronous Set/Reset | Total Registers | Total Slices |
+--------------+-----------------------+------------------------+-----------------+--------------+
| No           | No                    | No                     |             110 |           37 |
| No           | No                    | Yes                    |               8 |            5 |
| No           | Yes                   | No                     |              36 |           15 |
| Yes          | No                    | No                     |             300 |           78 |
| Yes          | No                    | Yes                    |             553 |          170 |
| Yes          | Yes                   | No                     |             254 |           84 |
+--------------+-----------------------+------------------------+-----------------+--------------+


4. Detailed Control Set Information
-----------------------------------

+---------------------------------------------------+------------------------------------------------------------------------------------------------------------------------------------------------------------------+---------------------------------------------------------------------------------------------------------------------------------------------------------+------------------+----------------+
|                    Clock Signal                   |                                                                           Enable Signal                                                                          |                                                                     Set/Reset Signal                                                                    | Slice Load Count | Bel Load Count |
+---------------------------------------------------+------------------------------------------------------------------------------------------------------------------------------------------------------------------+---------------------------------------------------------------------------------------------------------------------------------------------------------+------------------+----------------+
|  HW4_system_i/processing_system7_0/inst/FCLK_CLK0 | HW4_system_i/ps7_0_axi_periph/s00_couplers/auto_pc/inst/gen_axilite.gen_b2s_conv.axilite_b2s/WR.aw_channel_0/aw_cmd_fsm_0/m_axi_awready_1                        | HW4_system_i/ps7_0_axi_periph/s00_couplers/auto_pc/inst/gen_axilite.gen_b2s_conv.axilite_b2s/WR.aw_channel_0/aw_cmd_fsm_0/m_axi_awready_0               |                1 |              1 |
|  HW4_system_i/processing_system7_0/inst/FCLK_CLK0 | HW4_system_i/ps7_0_axi_periph/s00_couplers/auto_pc/inst/gen_axilite.gen_b2s_conv.axilite_b2s/WR.b_channel_0/bid_fifo_0/sel                                       |                                                                                                                                                         |                1 |              2 |
|  HW4_system_i/processing_system7_0/inst/FCLK_CLK0 |                                                                                                                                                                  | HW4_system_i/rst_ps7_0_100M/U0/EXT_LPF/lpf_int                                                                                                          |                2 |              4 |
|  HW4_system_i/processing_system7_0/inst/FCLK_CLK0 |                                                                                                                                                                  | HW4_system_i/ps7_0_axi_periph/s00_couplers/auto_pc/inst/gen_axilite.gen_b2s_conv.axilite_b2s/SI_REG/ar.ar_pipe/aresetn_d_reg[1]_inv_0                   |                2 |              4 |
|  HW4_system_i/processing_system7_0/inst/FCLK_CLK0 |                                                                                                                                                                  | HW4_system_i/ps7_0_axi_periph/s00_couplers/auto_pc/inst/gen_axilite.gen_b2s_conv.axilite_b2s/SI_REG/aw.aw_pipe/aresetn_d_reg[0]_0                       |                2 |              4 |
|  HW4_system_i/processing_system7_0/inst/FCLK_CLK0 | HW4_system_i/ps7_0_axi_periph/s00_couplers/auto_pc/inst/gen_axilite.gen_b2s_conv.axilite_b2s/RD.ar_channel_0/ar_cmd_fsm_0/m_valid_i_reg                          | HW4_system_i/ps7_0_axi_periph/s00_couplers/auto_pc/inst/gen_axilite.gen_b2s_conv.axilite_b2s/RD.ar_channel_0/ar_cmd_fsm_0/FSM_sequential_state_reg[0]_0 |                2 |              5 |
|  HW4_system_i/processing_system7_0/inst/FCLK_CLK0 | HW4_system_i/ps7_0_axi_periph/s00_couplers/auto_pc/inst/gen_axilite.gen_b2s_conv.axilite_b2s/RD.r_channel_0/rd_data_fifo_0/cnt_read[4]_i_1_n_0                   | HW4_system_i/ps7_0_axi_periph/s00_couplers/auto_pc/inst/gen_axilite.gen_b2s_conv.axilite_b2s/areset_d1                                                  |                1 |              5 |
|  HW4_system_i/processing_system7_0/inst/FCLK_CLK0 | HW4_system_i/ps7_0_axi_periph/s00_couplers/auto_pc/inst/gen_axilite.gen_b2s_conv.axilite_b2s/RD.r_channel_0/rd_data_fifo_0/E[0]                                  | HW4_system_i/ps7_0_axi_periph/s00_couplers/auto_pc/inst/gen_axilite.gen_b2s_conv.axilite_b2s/areset_d1                                                  |                1 |              5 |
|  HW4_system_i/processing_system7_0/inst/FCLK_CLK0 | HW4_system_i/HW4IP_0/inst/HW4IP_v1_0_S00_AXI_inst/u_hw2/u_vmm/waddr[5]_i_1_n_0                                                                                   | HW4_system_i/HW4IP_0/inst/HW4IP_v1_0_S00_AXI_inst/u_hw2/u_vmm/AR[0]                                                                                     |                1 |              6 |
|  HW4_system_i/processing_system7_0/inst/FCLK_CLK0 | HW4_system_i/rst_ps7_0_100M/U0/SEQ/seq_cnt_en                                                                                                                    | HW4_system_i/rst_ps7_0_100M/U0/SEQ/SEQ_COUNTER/clear                                                                                                    |                1 |              6 |
|  HW4_system_i/processing_system7_0/inst/FCLK_CLK0 | HW4_system_i/HW4IP_0/inst/HW4IP_v1_0_S00_AXI_inst/u_hw2/u_vmm/col_counter                                                                                        | HW4_system_i/HW4IP_0/inst/HW4IP_v1_0_S00_AXI_inst/u_hw2/u_vmm/AR[0]                                                                                     |                3 |              6 |
|  HW4_system_i/processing_system7_0/inst/FCLK_CLK0 | HW4_system_i/HW4IP_0/inst/HW4IP_v1_0_S00_AXI_inst/slv_reg4[15]_i_1_n_0                                                                                           | HW4_system_i/HW4IP_0/inst/HW4IP_v1_0_S00_AXI_inst/u_hw2/u_vmm/AR[0]                                                                                     |                2 |              8 |
|  HW4_system_i/processing_system7_0/inst/FCLK_CLK0 | HW4_system_i/HW4IP_0/inst/HW4IP_v1_0_S00_AXI_inst/slv_reg2[23]_i_1_n_0                                                                                           | HW4_system_i/HW4IP_0/inst/HW4IP_v1_0_S00_AXI_inst/u_hw2/u_vmm/AR[0]                                                                                     |                2 |              8 |
|  HW4_system_i/processing_system7_0/inst/FCLK_CLK0 | HW4_system_i/HW4IP_0/inst/HW4IP_v1_0_S00_AXI_inst/slv_reg5[7]_i_1_n_0                                                                                            | HW4_system_i/HW4IP_0/inst/HW4IP_v1_0_S00_AXI_inst/u_hw2/u_vmm/AR[0]                                                                                     |                2 |              8 |
|  HW4_system_i/processing_system7_0/inst/FCLK_CLK0 | HW4_system_i/HW4IP_0/inst/HW4IP_v1_0_S00_AXI_inst/u_hw2/u_vmm/M_buf0                                                                                             | HW4_system_i/HW4IP_0/inst/HW4IP_v1_0_S00_AXI_inst/u_hw2/u_vmm/AR[0]                                                                                     |                2 |              8 |
|  HW4_system_i/processing_system7_0/inst/FCLK_CLK0 | HW4_system_i/HW4IP_0/inst/HW4IP_v1_0_S00_AXI_inst/slv_reg2[31]_i_1_n_0                                                                                           | HW4_system_i/HW4IP_0/inst/HW4IP_v1_0_S00_AXI_inst/u_hw2/u_vmm/AR[0]                                                                                     |                3 |              8 |
|  HW4_system_i/processing_system7_0/inst/FCLK_CLK0 | HW4_system_i/HW4IP_0/inst/HW4IP_v1_0_S00_AXI_inst/slv_reg7[15]_i_1_n_0                                                                                           | HW4_system_i/HW4IP_0/inst/HW4IP_v1_0_S00_AXI_inst/u_hw2/u_vmm/AR[0]                                                                                     |                2 |              8 |
|  HW4_system_i/processing_system7_0/inst/FCLK_CLK0 | HW4_system_i/HW4IP_0/inst/HW4IP_v1_0_S00_AXI_inst/slv_reg7[23]_i_1_n_0                                                                                           | HW4_system_i/HW4IP_0/inst/HW4IP_v1_0_S00_AXI_inst/u_hw2/u_vmm/AR[0]                                                                                     |                1 |              8 |
|  HW4_system_i/processing_system7_0/inst/FCLK_CLK0 | HW4_system_i/HW4IP_0/inst/HW4IP_v1_0_S00_AXI_inst/slv_reg7[7]_i_1_n_0                                                                                            | HW4_system_i/HW4IP_0/inst/HW4IP_v1_0_S00_AXI_inst/u_hw2/u_vmm/AR[0]                                                                                     |                4 |              8 |
|  HW4_system_i/processing_system7_0/inst/FCLK_CLK0 | HW4_system_i/HW4IP_0/inst/HW4IP_v1_0_S00_AXI_inst/slv_reg7[31]_i_1_n_0                                                                                           | HW4_system_i/HW4IP_0/inst/HW4IP_v1_0_S00_AXI_inst/u_hw2/u_vmm/AR[0]                                                                                     |                4 |              8 |
|  HW4_system_i/processing_system7_0/inst/FCLK_CLK0 | HW4_system_i/ps7_0_axi_periph/s00_couplers/auto_pc/inst/gen_axilite.gen_b2s_conv.axilite_b2s/RD.ar_channel_0/ar_cmd_fsm_0/sel_first_reg[0]                       |                                                                                                                                                         |                2 |              8 |
|  HW4_system_i/processing_system7_0/inst/FCLK_CLK0 | HW4_system_i/ps7_0_axi_periph/s00_couplers/auto_pc/inst/gen_axilite.gen_b2s_conv.axilite_b2s/RD.ar_channel_0/ar_cmd_fsm_0/E[0]                                   |                                                                                                                                                         |                4 |              8 |
|  HW4_system_i/processing_system7_0/inst/FCLK_CLK0 | HW4_system_i/ps7_0_axi_periph/s00_couplers/auto_pc/inst/gen_axilite.gen_b2s_conv.axilite_b2s/WR.aw_channel_0/aw_cmd_fsm_0/E[0]                                   |                                                                                                                                                         |                3 |              8 |
|  HW4_system_i/processing_system7_0/inst/FCLK_CLK0 | HW4_system_i/ps7_0_axi_periph/s00_couplers/auto_pc/inst/gen_axilite.gen_b2s_conv.axilite_b2s/WR.aw_channel_0/cmd_translator_0/incr_cmd_0/axaddr_incr[11]_i_1_n_0 |                                                                                                                                                         |                2 |              8 |
|  HW4_system_i/processing_system7_0/inst/FCLK_CLK0 | HW4_system_i/HW4IP_0/inst/HW4IP_v1_0_S00_AXI_inst/slv_reg1[31]_i_1_n_0                                                                                           | HW4_system_i/HW4IP_0/inst/HW4IP_v1_0_S00_AXI_inst/u_hw2/u_vmm/AR[0]                                                                                     |                1 |              8 |
|  HW4_system_i/processing_system7_0/inst/FCLK_CLK0 | HW4_system_i/HW4IP_0/inst/HW4IP_v1_0_S00_AXI_inst/slv_reg2[7]_i_1_n_0                                                                                            | HW4_system_i/HW4IP_0/inst/HW4IP_v1_0_S00_AXI_inst/u_hw2/u_vmm/AR[0]                                                                                     |                3 |              8 |
|  HW4_system_i/processing_system7_0/inst/FCLK_CLK0 | HW4_system_i/HW4IP_0/inst/HW4IP_v1_0_S00_AXI_inst/slv_reg3[15]_i_1_n_0                                                                                           | HW4_system_i/HW4IP_0/inst/HW4IP_v1_0_S00_AXI_inst/u_hw2/u_vmm/AR[0]                                                                                     |                2 |              8 |
|  HW4_system_i/processing_system7_0/inst/FCLK_CLK0 | HW4_system_i/HW4IP_0/inst/HW4IP_v1_0_S00_AXI_inst/slv_reg1[15]_i_1_n_0                                                                                           | HW4_system_i/HW4IP_0/inst/HW4IP_v1_0_S00_AXI_inst/u_hw2/u_vmm/AR[0]                                                                                     |                1 |              8 |
|  HW4_system_i/processing_system7_0/inst/FCLK_CLK0 | HW4_system_i/HW4IP_0/inst/HW4IP_v1_0_S00_AXI_inst/slv_reg1[23]_i_1_n_0                                                                                           | HW4_system_i/HW4IP_0/inst/HW4IP_v1_0_S00_AXI_inst/u_hw2/u_vmm/AR[0]                                                                                     |                2 |              8 |
|  HW4_system_i/processing_system7_0/inst/FCLK_CLK0 | HW4_system_i/HW4IP_0/inst/HW4IP_v1_0_S00_AXI_inst/slv_reg3[23]_i_1_n_0                                                                                           | HW4_system_i/HW4IP_0/inst/HW4IP_v1_0_S00_AXI_inst/u_hw2/u_vmm/AR[0]                                                                                     |                2 |              8 |
|  HW4_system_i/processing_system7_0/inst/FCLK_CLK0 | HW4_system_i/HW4IP_0/inst/HW4IP_v1_0_S00_AXI_inst/slv_reg3[7]_i_1_n_0                                                                                            | HW4_system_i/HW4IP_0/inst/HW4IP_v1_0_S00_AXI_inst/u_hw2/u_vmm/AR[0]                                                                                     |                4 |              8 |
|  HW4_system_i/processing_system7_0/inst/FCLK_CLK0 | HW4_system_i/ps7_0_axi_periph/s00_couplers/auto_pc/inst/gen_axilite.gen_b2s_conv.axilite_b2s/WR.b_channel_0/mhandshake_r                                         | HW4_system_i/ps7_0_axi_periph/s00_couplers/auto_pc/inst/gen_axilite.gen_b2s_conv.axilite_b2s/WR.b_channel_0/bid_fifo_0/SR[0]                            |                2 |              8 |
|  HW4_system_i/processing_system7_0/inst/FCLK_CLK0 | HW4_system_i/HW4IP_0/inst/HW4IP_v1_0_S00_AXI_inst/slv_reg3[31]_i_1_n_0                                                                                           | HW4_system_i/HW4IP_0/inst/HW4IP_v1_0_S00_AXI_inst/u_hw2/u_vmm/AR[0]                                                                                     |                1 |              8 |
|  HW4_system_i/processing_system7_0/inst/FCLK_CLK0 | HW4_system_i/HW4IP_0/inst/HW4IP_v1_0_S00_AXI_inst/slv_reg4[31]_i_1_n_0                                                                                           | HW4_system_i/HW4IP_0/inst/HW4IP_v1_0_S00_AXI_inst/u_hw2/u_vmm/AR[0]                                                                                     |                1 |              8 |
|  HW4_system_i/processing_system7_0/inst/FCLK_CLK0 | HW4_system_i/HW4IP_0/inst/HW4IP_v1_0_S00_AXI_inst/slv_reg4[7]_i_1_n_0                                                                                            | HW4_system_i/HW4IP_0/inst/HW4IP_v1_0_S00_AXI_inst/u_hw2/u_vmm/AR[0]                                                                                     |                6 |              8 |
|  HW4_system_i/processing_system7_0/inst/FCLK_CLK0 | HW4_system_i/HW4IP_0/inst/HW4IP_v1_0_S00_AXI_inst/slv_reg5[23]_i_1_n_0                                                                                           | HW4_system_i/HW4IP_0/inst/HW4IP_v1_0_S00_AXI_inst/u_hw2/u_vmm/AR[0]                                                                                     |                2 |              8 |
|  HW4_system_i/processing_system7_0/inst/FCLK_CLK0 | HW4_system_i/HW4IP_0/inst/HW4IP_v1_0_S00_AXI_inst/slv_reg5[31]_i_1_n_0                                                                                           | HW4_system_i/HW4IP_0/inst/HW4IP_v1_0_S00_AXI_inst/u_hw2/u_vmm/AR[0]                                                                                     |                3 |              8 |
|  HW4_system_i/processing_system7_0/inst/FCLK_CLK0 | HW4_system_i/HW4IP_0/inst/HW4IP_v1_0_S00_AXI_inst/slv_reg5[15]_i_1_n_0                                                                                           | HW4_system_i/HW4IP_0/inst/HW4IP_v1_0_S00_AXI_inst/u_hw2/u_vmm/AR[0]                                                                                     |                2 |              8 |
|  HW4_system_i/processing_system7_0/inst/FCLK_CLK0 | HW4_system_i/HW4IP_0/inst/HW4IP_v1_0_S00_AXI_inst/slv_reg4[23]_i_1_n_0                                                                                           | HW4_system_i/HW4IP_0/inst/HW4IP_v1_0_S00_AXI_inst/u_hw2/u_vmm/AR[0]                                                                                     |                2 |              8 |
|  HW4_system_i/processing_system7_0/inst/FCLK_CLK0 | HW4_system_i/HW4IP_0/inst/HW4IP_v1_0_S00_AXI_inst/slv_reg1[7]_i_1_n_0                                                                                            | HW4_system_i/HW4IP_0/inst/HW4IP_v1_0_S00_AXI_inst/u_hw2/u_vmm/AR[0]                                                                                     |                1 |              8 |
|  HW4_system_i/processing_system7_0/inst/FCLK_CLK0 | HW4_system_i/HW4IP_0/inst/HW4IP_v1_0_S00_AXI_inst/slv_reg2[15]_i_1_n_0                                                                                           | HW4_system_i/HW4IP_0/inst/HW4IP_v1_0_S00_AXI_inst/u_hw2/u_vmm/AR[0]                                                                                     |                1 |              8 |
|  HW4_system_i/processing_system7_0/inst/FCLK_CLK0 | HW4_system_i/HW4IP_0/inst/HW4IP_v1_0_S00_AXI_inst/u_hw2/u_vmm/raddr[8]_i_1_n_0                                                                                   | HW4_system_i/HW4IP_0/inst/HW4IP_v1_0_S00_AXI_inst/u_hw2/u_vmm/AR[0]                                                                                     |                3 |              9 |
|  HW4_system_i/processing_system7_0/inst/FCLK_CLK0 |                                                                                                                                                                  | HW4_system_i/ps7_0_axi_periph/s00_couplers/auto_pc/inst/gen_axilite.gen_b2s_conv.axilite_b2s/areset_d1                                                  |                4 |             10 |
|  HW4_system_i/processing_system7_0/inst/FCLK_CLK0 | HW4_system_i/HW4IP_0/inst/HW4IP_v1_0_S00_AXI_inst/u_hw2/u_vmm/wdata[11]_i_1_n_0                                                                                  | HW4_system_i/HW4IP_0/inst/HW4IP_v1_0_S00_AXI_inst/u_hw2/u_vmm/AR[0]                                                                                     |                4 |             12 |
|  HW4_system_i/processing_system7_0/inst/FCLK_CLK0 | HW4_system_i/ps7_0_axi_periph/s00_couplers/auto_pc/inst/gen_axilite.gen_b2s_conv.axilite_b2s/RD.r_channel_0/r_push_r                                             |                                                                                                                                                         |                4 |             13 |
|  HW4_system_i/processing_system7_0/inst/FCLK_CLK0 | HW4_system_i/ps7_0_axi_periph/s00_couplers/auto_pc/inst/gen_axilite.gen_b2s_conv.axilite_b2s/SI_REG/b.b_pipe/s_ready_i_reg_0                                     |                                                                                                                                                         |                4 |             14 |
|  HW4_system_i/processing_system7_0/inst/FCLK_CLK0 | HW4_system_i/ps7_0_axi_periph/s00_couplers/auto_pc/inst/gen_axilite.gen_b2s_conv.axilite_b2s/SI_REG/b.b_pipe/p_1_in                                              |                                                                                                                                                         |                3 |             14 |
|  HW4_system_i/processing_system7_0/inst/FCLK_CLK0 | HW4_system_i/ps7_0_axi_periph/s00_couplers/auto_pc/inst/gen_axilite.gen_b2s_conv.axilite_b2s/WR.aw_channel_0/aw_cmd_fsm_0/b_push                                 |                                                                                                                                                         |                3 |             16 |
|  HW4_system_i/processing_system7_0/inst/FCLK_CLK0 | HW4_system_i/ps7_0_axi_periph/s00_couplers/auto_pc/inst/gen_axilite.gen_b2s_conv.axilite_b2s/RD.ar_channel_0/ar_cmd_fsm_0/m_valid_i_reg                          |                                                                                                                                                         |                7 |             17 |
|  HW4_system_i/processing_system7_0/inst/FCLK_CLK0 | HW4_system_i/ps7_0_axi_periph/s00_couplers/auto_pc/inst/gen_axilite.gen_b2s_conv.axilite_b2s/WR.aw_channel_0/aw_cmd_fsm_0/m_axi_awready_1                        |                                                                                                                                                         |                8 |             21 |
|  HW4_system_i/processing_system7_0/inst/FCLK_CLK0 |                                                                                                                                                                  | HW4_system_i/HW4IP_0/inst/HW4IP_v1_0_S00_AXI_inst/u_hw2/u_vmm/AR[0]                                                                                     |               10 |             22 |
|  HW4_system_i/processing_system7_0/inst/FCLK_CLK0 | HW4_system_i/ps7_0_axi_periph/s00_couplers/auto_pc/inst/gen_axilite.gen_b2s_conv.axilite_b2s/SI_REG/aw.aw_pipe/s_ready_i_reg_0                                   |                                                                                                                                                         |                8 |             28 |
|  HW4_system_i/processing_system7_0/inst/FCLK_CLK0 | HW4_system_i/ps7_0_axi_periph/s00_couplers/auto_pc/inst/gen_axilite.gen_b2s_conv.axilite_b2s/WR.aw_channel_0/aw_cmd_fsm_0/m_valid_i_reg[0]                       |                                                                                                                                                         |                7 |             28 |
|  HW4_system_i/processing_system7_0/inst/FCLK_CLK0 | HW4_system_i/ps7_0_axi_periph/s00_couplers/auto_pc/inst/gen_axilite.gen_b2s_conv.axilite_b2s/RD.ar_channel_0/ar_cmd_fsm_0/FSM_sequential_state_reg[1]_0[0]       |                                                                                                                                                         |                7 |             28 |
|  HW4_system_i/processing_system7_0/inst/FCLK_CLK0 | HW4_system_i/ps7_0_axi_periph/s00_couplers/auto_pc/inst/gen_axilite.gen_b2s_conv.axilite_b2s/SI_REG/ar.ar_pipe/s_ready_i_reg_0                                   |                                                                                                                                                         |                7 |             28 |
|  HW4_system_i/processing_system7_0/inst/FCLK_CLK0 | HW4_system_i/ps7_0_axi_periph/s00_couplers/auto_pc/inst/gen_axilite.gen_b2s_conv.axilite_b2s/RD.r_channel_0/rd_data_fifo_0/wr_en0                                |                                                                                                                                                         |                8 |             32 |
|  HW4_system_i/processing_system7_0/inst/FCLK_CLK0 | HW4_system_i/HW4IP_0/inst/HW4IP_v1_0_S00_AXI_inst/slv_reg_rden__0                                                                                                | HW4_system_i/HW4IP_0/inst/HW4IP_v1_0_S00_AXI_inst/u_hw2/u_vmm/AR[0]                                                                                     |               22 |             32 |
|  HW4_system_i/processing_system7_0/inst/FCLK_CLK0 | HW4_system_i/ps7_0_axi_periph/s00_couplers/auto_pc/inst/gen_axilite.gen_b2s_conv.axilite_b2s/SI_REG/r.r_pipe/s_ready_i_reg_0                                     |                                                                                                                                                         |                9 |             45 |
|  HW4_system_i/processing_system7_0/inst/FCLK_CLK0 | HW4_system_i/ps7_0_axi_periph/s00_couplers/auto_pc/inst/gen_axilite.gen_b2s_conv.axilite_b2s/SI_REG/r.r_pipe/p_1_in                                              |                                                                                                                                                         |                7 |             45 |
|  HW4_system_i/processing_system7_0/inst/FCLK_CLK0 |                                                                                                                                                                  |                                                                                                                                                         |               38 |            111 |
|  HW4_system_i/processing_system7_0/inst/FCLK_CLK0 | HW4_system_i/HW4IP_0/inst/HW4IP_v1_0_S00_AXI_inst/u_hw2/u_vmm/vec[48][3]_i_1_n_0                                                                                 | HW4_system_i/HW4IP_0/inst/HW4IP_v1_0_S00_AXI_inst/u_hw2/u_vmm/AR[0]                                                                                     |               99 |            256 |
|  HW4_system_i/processing_system7_0/inst/FCLK_CLK0 | HW4_system_i/HW4IP_0/inst/HW4IP_v1_0_S00_AXI_inst/u_hw2/u_vmm/vec_shadow[17][3]_i_1_n_0                                                                          | HW4_system_i/HW4IP_0/inst/HW4IP_v1_0_S00_AXI_inst/u_hw2/u_vmm/AR[0]                                                                                     |               58 |            256 |
+---------------------------------------------------+------------------------------------------------------------------------------------------------------------------------------------------------------------------+---------------------------------------------------------------------------------------------------------------------------------------------------------+------------------+----------------+


