#-----------------------------------------------------------
# Webtalk v2018.3 (64-bit)
# SW Build 2405991 on Thu Dec  6 23:38:27 MST 2018
# 
# Start of session at: Wed May  6 00:18:37 2026
# Process ID: 40736
# Current directory: C:/Users/ryanh/fpga/sopc/lab2_led/lab2_led.sdk/webtalk
# Command line: wbtcv.exe -mode batch -source sdk_webtalk.tcl
# Log file: C:/Users/ryanh/fpga/sopc/lab2_led/lab2_led.sdk/webtalk/webtalk.log
# Journal file: C:/Users/ryanh/fpga/sopc/lab2_led/lab2_led.sdk/webtalk\webtalk.jou
#-----------------------------------------------------------
source sdk_webtalk.tcl
# webtalk_init -webtalk_dir C:\\Users\\ryanh\\fpga\\sopc\\lab2_led\\lab2_led.sdk\\webtalk
# webtalk_register_client -client project
# webtalk_add_data -client project -key date_generated -value "2026-05-06 00:18:37" -context "software_version_and_target_device"
# webtalk_add_data -client project -key product_version -value "SDK v2018.3" -context "software_version_and_target_device"
# webtalk_add_data -client project -key build_version -value "2018.3" -context "software_version_and_target_device"
# webtalk_add_data -client project -key os_platform -value "amd64" -context "software_version_and_target_device"
# webtalk_add_data -client project -key registration_id -value "" -context "software_version_and_target_device"
# webtalk_add_data -client project -key tool_flow -value "SDK" -context "software_version_and_target_device"
# webtalk_add_data -client project -key beta -value "false" -context "software_version_and_target_device"
# webtalk_add_data -client project -key route_design -value "NA" -context "software_version_and_target_device"
# webtalk_add_data -client project -key target_family -value "NA" -context "software_version_and_target_device"
# webtalk_add_data -client project -key target_device -value "NA" -context "software_version_and_target_device"
# webtalk_add_data -client project -key target_package -value "NA" -context "software_version_and_target_device"
# webtalk_add_data -client project -key target_speed -value "NA" -context "software_version_and_target_device"
# webtalk_add_data -client project -key random_id -value "fgmb81ngorta31b2md2647nmvc" -context "software_version_and_target_device"
# webtalk_add_data -client project -key project_id -value "2018.3_5" -context "software_version_and_target_device"
# webtalk_add_data -client project -key project_iteration -value "5" -context "software_version_and_target_device"
# webtalk_add_data -client project -key os_name -value "Microsoft Windows 8 or later , 64-bit" -context "user_environment"
# webtalk_add_data -client project -key os_release -value "major release  (build 9200)" -context "user_environment"
# webtalk_add_data -client project -key cpu_name -value "Intel(R) Core(TM) Ultra 7 258V" -context "user_environment"
# webtalk_add_data -client project -key cpu_speed -value "3302 MHz" -context "user_environment"
# webtalk_add_data -client project -key total_processors -value "1" -context "user_environment"
# webtalk_add_data -client project -key system_ram -value "33.810 GB" -context "user_environment"
# webtalk_register_client -client sdk
# webtalk_add_data -client sdk -key uid -value "1777992105468" -context "sdk\\\\hardware/1777992105468"
# webtalk_add_data -client sdk -key isZynq -value "true" -context "sdk\\\\hardware/1777992105468"
# webtalk_add_data -client sdk -key isZynqMP -value "false" -context "sdk\\\\hardware/1777992105468"
# webtalk_add_data -client sdk -key Processors -value "2" -context "sdk\\\\hardware/1777992105468"
# webtalk_add_data -client sdk -key VivadoVersion -value "2018.3" -context "sdk\\\\hardware/1777992105468"
# webtalk_add_data -client sdk -key Arch -value "zynq" -context "sdk\\\\hardware/1777992105468"
# webtalk_add_data -client sdk -key Device -value "7z020" -context "sdk\\\\hardware/1777992105468"
# webtalk_add_data -client sdk -key IsHandoff -value "true" -context "sdk\\\\hardware/1777992105468"
# webtalk_add_data -client sdk -key os -value "NA" -context "sdk\\\\hardware/1777992105468"
# webtalk_add_data -client sdk -key apptemplate -value "NA" -context "sdk\\\\hardware/1777992105468"
# webtalk_add_data -client sdk -key RecordType -value "HWCreation" -context "sdk\\\\hardware/1777992105468"
# webtalk_add_data -client sdk -key uid -value "1777992193830" -context "sdk\\\\bsp/1777992193830"
# webtalk_add_data -client sdk -key hwid -value "1777992105468" -context "sdk\\\\bsp/1777992193830"
# webtalk_add_data -client sdk -key os -value "standalone" -context "sdk\\\\bsp/1777992193830"
# webtalk_add_data -client sdk -key apptemplate -value "hello_world" -context "sdk\\\\bsp/1777992193830"
# webtalk_add_data -client sdk -key RecordType -value "BSPCreation" -context "sdk\\\\bsp/1777992193830"
# webtalk_add_data -client sdk -key uid -value "1777992195293" -context "sdk\\\\application/1777992195293"
# webtalk_add_data -client sdk -key hwid -value "1777992105468" -context "sdk\\\\application/1777992195293"
# webtalk_add_data -client sdk -key bspid -value "1777992193830" -context "sdk\\\\application/1777992195293"
# webtalk_add_data -client sdk -key newbsp -value "true" -context "sdk\\\\application/1777992195293"
# webtalk_add_data -client sdk -key os -value "standalone" -context "sdk\\\\application/1777992195293"
# webtalk_add_data -client sdk -key apptemplate -value "hello_world" -context "sdk\\\\application/1777992195293"
# webtalk_add_data -client sdk -key RecordType -value "APPCreation" -context "sdk\\\\application/1777992195293"
# webtalk_add_data -client sdk -key LangUsed -value "C" -context "sdk\\\\application/1777992195293"
# webtalk_add_data -client sdk -key Procused -value "ps7_cortexa9" -context "sdk\\\\application/1777992195293"
# webtalk_add_data -client sdk -key projSize -value "187.76953125" -context "sdk\\\\application/1777992195293"
# webtalk_add_data -client sdk -key uid -value "NA" -context "sdk\\\\bsp/1777997917008"
# webtalk_add_data -client sdk -key RecordType -value "ToolUsage" -context "sdk\\\\bsp/1777997917008"
# webtalk_add_data -client sdk -key BootgenCount -value "0" -context "sdk\\\\bsp/1777997917008"
# webtalk_add_data -client sdk -key DebugCount -value "7" -context "sdk\\\\bsp/1777997917008"
# webtalk_add_data -client sdk -key PerfCount -value "0" -context "sdk\\\\bsp/1777997917008"
# webtalk_add_data -client sdk -key FlashCount -value "0" -context "sdk\\\\bsp/1777997917008"
# webtalk_add_data -client sdk -key CrossTriggCount -value "0" -context "sdk\\\\bsp/1777997917008"
# webtalk_add_data -client sdk -key QemuDebugCount -value "0" -context "sdk\\\\bsp/1777997917008"
# webtalk_transmit -clientid 3525128090 -regid "" -xml C:\\Users\\ryanh\\fpga\\sopc\\lab2_led\\lab2_led.sdk\\webtalk\\usage_statistics_ext_sdk.xml -html C:\\Users\\ryanh\\fpga\\sopc\\lab2_led\\lab2_led.sdk\\webtalk\\usage_statistics_ext_sdk.html -wdm C:\\Users\\ryanh\\fpga\\sopc\\lab2_led\\lab2_led.sdk\\webtalk\\sdk_webtalk.wdm -intro "<H3>SDK Usage Report</H3><BR>"
# webtalk_terminate
INFO: [Common 17-206] Exiting Webtalk at Wed May  6 00:18:45 2026...
